<?xml version="1.0" encoding="UTF-8"?>
<!-- Generated by org.testng.reporters.JUnitXMLReporter -->
<testsuite ignored="0" hostname="MY-L-D6JT3F3" failures="2" tests="6" name="account.Location" time="52.949" errors="0" timestamp="2023-09-08T18:00:04 SGT">
  <testcase classname="account.Location" name="Account_CreateCurrentLocation" time="6.214">
    <failure type="org.openqa.selenium.ElementClickInterceptedException" message="element click intercepted: Element &amp;lt;input type=&amp;quot;button&amp;quot; value=&amp;quot;Edit&amp;quot; id=&amp;quot;editLocationCurrent&amp;quot;&amp;gt; is not clickable at point (1090, 143). Other element would receive the click: &amp;lt;div class=&amp;quot;mask&amp;quot; style=&amp;quot;display: block;&amp;quot;&amp;gt;...&amp;lt;/div&amp;gt;
  (Session info: chrome=116.0.5845.180)
Build info: version: &amp;apos;4.8.0&amp;apos;, revision: &amp;apos;267030adea&amp;apos;
System info: os.name: &amp;apos;Windows 10&amp;apos;, os.arch: &amp;apos;amd64&amp;apos;, os.version: &amp;apos;10.0&amp;apos;, java.version: &amp;apos;17.0.6&amp;apos;
Driver info: org.openqa.selenium.chrome.ChromeDriver
Command: [d8d74b1b203713dd9e8b9d842c098e70, clickElement {id=298BE5C8A8C90CF8A8EE748D3937D5E6_element_143}]
Capabilities {acceptInsecureCerts: false, browserName: chrome, browserVersion: 116.0.5845.180, chrome: {chromedriverVersion: 116.0.5845.96 (1a3918166880..., userDataDir: C:\Users\MUHAMM~1.MAN\AppDa...}, fedcm:accounts: true, goog:chromeOptions: {debuggerAddress: localhost:56107}, networkConnectionEnabled: false, pageLoadStrategy: normal, platformName: WINDOWS, proxy: Proxy(), se:cdp: ws://localhost:56107/devtoo..., se:cdpVersion: 116.0.5845.180, setWindowRect: true, strictFileInteractability: false, timeouts: {implicit: 0, pageLoad: 300000, script: 30000}, unhandledPromptBehavior: dismiss and notify, webauthn:extension:credBlob: true, webauthn:extension:largeBlob: true, webauthn:extension:minPinLength: true, webauthn:extension:prf: true, webauthn:virtualAuthenticators: true}
Element: [[ChromeDriver: chrome on WINDOWS (d8d74b1b203713dd9e8b9d842c098e70)] -&amp;gt; css selector: input#editLocationCurrent[value=&amp;apos;Edit&amp;apos;]]
Session ID: d8d74b1b203713dd9e8b9d842c098e70">
      <![CDATA[org.openqa.selenium.ElementClickInterceptedException: element click intercepted: Element <input type="button" value="Edit" id="editLocationCurrent"> is not clickable at point (1090, 143). Other element would receive the click: <div class="mask" style="display: block;">...</div>
  (Session info: chrome=116.0.5845.180)
Build info: version: '4.8.0', revision: '267030adea'
System info: os.name: 'Windows 10', os.arch: 'amd64', os.version: '10.0', java.version: '17.0.6'
Driver info: org.openqa.selenium.chrome.ChromeDriver
Command: [d8d74b1b203713dd9e8b9d842c098e70, clickElement {id=298BE5C8A8C90CF8A8EE748D3937D5E6_element_143}]
Capabilities {acceptInsecureCerts: false, browserName: chrome, browserVersion: 116.0.5845.180, chrome: {chromedriverVersion: 116.0.5845.96 (1a3918166880..., userDataDir: C:\Users\MUHAMM~1.MAN\AppDa...}, fedcm:accounts: true, goog:chromeOptions: {debuggerAddress: localhost:56107}, networkConnectionEnabled: false, pageLoadStrategy: normal, platformName: WINDOWS, proxy: Proxy(), se:cdp: ws://localhost:56107/devtoo..., se:cdpVersion: 116.0.5845.180, setWindowRect: true, strictFileInteractability: false, timeouts: {implicit: 0, pageLoad: 300000, script: 30000}, unhandledPromptBehavior: dismiss and notify, webauthn:extension:credBlob: true, webauthn:extension:largeBlob: true, webauthn:extension:minPinLength: true, webauthn:extension:prf: true, webauthn:virtualAuthenticators: true}
Element: [[ChromeDriver: chrome on WINDOWS (d8d74b1b203713dd9e8b9d842c098e70)] -> css selector: input#editLocationCurrent[value='Edit']]
Session ID: d8d74b1b203713dd9e8b9d842c098e70
at org.openqa.selenium.remote.codec.w3c.W3CHttpResponseCodec.createException(W3CHttpResponseCodec.java:200)
at org.openqa.selenium.remote.codec.w3c.W3CHttpResponseCodec.decode(W3CHttpResponseCodec.java:133)
at org.openqa.selenium.remote.codec.w3c.W3CHttpResponseCodec.decode(W3CHttpResponseCodec.java:53)
at org.openqa.selenium.remote.HttpCommandExecutor.execute(HttpCommandExecutor.java:184)
at org.openqa.selenium.remote.service.DriverCommandExecutor.invokeExecute(DriverCommandExecutor.java:167)
at org.openqa.selenium.remote.service.DriverCommandExecutor.execute(DriverCommandExecutor.java:142)
at org.openqa.selenium.remote.RemoteWebDriver.execute(RemoteWebDriver.java:543)
at org.openqa.selenium.remote.RemoteWebElement.execute(RemoteWebElement.java:257)
at org.openqa.selenium.remote.RemoteWebElement.click(RemoteWebElement.java:78)
at org.openqa.selenium.support.pagefactory.internal.LocatingElementHandler.invoke(LocatingElementHandler.java:52)
at jdk.proxy2/jdk.proxy2.$Proxy16.click(Unknown Source)
at pages.cgp.pages.cgp.main.restriction.LocationPage.clickCurrentEdit(LocationPage.java:170)
at account.Location.Account_CreateCurrentLocation(Location.java:45)
at java.base/java.util.ArrayList.forEach(ArrayList.java:1511)
... Removed 35 stack frames]]>
    </failure>
  </testcase> <!-- Account_CreateCurrentLocation -->
  <testcase classname="account.Location" name="Account_EditCurrentLocation" time="1.501">
    <failure type="java.lang.AssertionError" message="expected [Current location restriction setting is updated successfully.] but found [Current location restriction setting is created successfully.]">
      <![CDATA[java.lang.AssertionError: expected [Current location restriction setting is updated successfully.] but found [Current location restriction setting is created successfully.]
at account.Location.Account_EditCurrentLocation(Location.java:78)
at java.base/java.util.ArrayList.forEach(ArrayList.java:1511)
... Removed 33 stack frames]]>
    </failure>
  </testcase> <!-- Account_EditCurrentLocation -->
  <testcase classname="account.Location" name="Account_CreateFutureLocation" time="3.862"/>
  <testcase classname="account.Location" name="Account_EditFutureLocation" time="3.068"/>
  <testcase classname="account.Location" name="Account_DeleteFutureLocation" time="0.598"/>
  <testcase classname="account.Location" name="Account_DeleteCurrentLocation" time="0.589"/>
</testsuite> <!-- account.Location -->
