<?xml version="1.0" encoding="UTF-8"?>
<!-- Generated by org.testng.reporters.JUnitXMLReporter -->
<testsuite ignored="8" hostname="MY-L-D6JT3F3" failures="24" tests="24" name="Card" time="118.319" errors="0" timestamp="2023-07-07T11:10:10 SGT">
  <testcase classname="cardbundle.Cardbundle" name="CardBundle_EditCardBundle" time="5.38">
    <failure type="org.openqa.selenium.UnhandledAlertException" message="unexpected alert open: {Alert text : Error code: 1018 - Card Bundle Not Found}
  (Session info: chrome=114.0.5735.199): Error code: 1018 - Card Bundle Not Found
Build info: version: &amp;apos;4.8.0&amp;apos;, revision: &amp;apos;267030adea&amp;apos;
System info: os.name: &amp;apos;Windows 10&amp;apos;, os.arch: &amp;apos;amd64&amp;apos;, os.version: &amp;apos;10.0&amp;apos;, java.version: &amp;apos;17.0.6&amp;apos;
Driver info: org.openqa.selenium.chrome.ChromeDriver
Command: [78c9830a4c67dc9e0ac114824293064c, findElement {using=id, value=btnEditCardBundle}]
Capabilities {acceptInsecureCerts: false, browserName: chrome, browserVersion: 114.0.5735.199, chrome: {chromedriverVersion: 114.0.5735.90 (386bc09e8f4f..., userDataDir: C:\Users\MUHAMM~1.MAN\AppDa...}, goog:chromeOptions: {debuggerAddress: localhost:64149}, networkConnectionEnabled: false, pageLoadStrategy: normal, platformName: WINDOWS, proxy: Proxy(), se:cdp: ws://localhost:64149/devtoo..., se:cdpVersion: 114.0.5735.199, setWindowRect: true, strictFileInteractability: false, timeouts: {implicit: 0, pageLoad: 300000, script: 30000}, unhandledPromptBehavior: dismiss and notify, webauthn:extension:credBlob: true, webauthn:extension:largeBlob: true, webauthn:extension:minPinLength: true, webauthn:extension:prf: true, webauthn:virtualAuthenticators: true}
Session ID: 78c9830a4c67dc9e0ac114824293064c">
      <![CDATA[org.openqa.selenium.UnhandledAlertException: unexpected alert open: {Alert text : Error code: 1018 - Card Bundle Not Found}
  (Session info: chrome=114.0.5735.199): Error code: 1018 - Card Bundle Not Found
Build info: version: '4.8.0', revision: '267030adea'
System info: os.name: 'Windows 10', os.arch: 'amd64', os.version: '10.0', java.version: '17.0.6'
Driver info: org.openqa.selenium.chrome.ChromeDriver
Command: [78c9830a4c67dc9e0ac114824293064c, findElement {using=id, value=btnEditCardBundle}]
Capabilities {acceptInsecureCerts: false, browserName: chrome, browserVersion: 114.0.5735.199, chrome: {chromedriverVersion: 114.0.5735.90 (386bc09e8f4f..., userDataDir: C:\Users\MUHAMM~1.MAN\AppDa...}, goog:chromeOptions: {debuggerAddress: localhost:64149}, networkConnectionEnabled: false, pageLoadStrategy: normal, platformName: WINDOWS, proxy: Proxy(), se:cdp: ws://localhost:64149/devtoo..., se:cdpVersion: 114.0.5735.199, setWindowRect: true, strictFileInteractability: false, timeouts: {implicit: 0, pageLoad: 300000, script: 30000}, unhandledPromptBehavior: dismiss and notify, webauthn:extension:credBlob: true, webauthn:extension:largeBlob: true, webauthn:extension:minPinLength: true, webauthn:extension:prf: true, webauthn:virtualAuthenticators: true}
Session ID: 78c9830a4c67dc9e0ac114824293064c
at org.openqa.selenium.remote.codec.w3c.W3CHttpResponseCodec.decode(W3CHttpResponseCodec.java:131)
at org.openqa.selenium.remote.codec.w3c.W3CHttpResponseCodec.decode(W3CHttpResponseCodec.java:53)
at org.openqa.selenium.remote.HttpCommandExecutor.execute(HttpCommandExecutor.java:184)
at org.openqa.selenium.remote.service.DriverCommandExecutor.invokeExecute(DriverCommandExecutor.java:167)
at org.openqa.selenium.remote.service.DriverCommandExecutor.execute(DriverCommandExecutor.java:142)
at org.openqa.selenium.remote.RemoteWebDriver.execute(RemoteWebDriver.java:543)
at org.openqa.selenium.remote.ElementLocation$ElementFinder$2.findElement(ElementLocation.java:162)
at org.openqa.selenium.remote.ElementLocation.findElement(ElementLocation.java:60)
at org.openqa.selenium.remote.RemoteWebDriver.findElement(RemoteWebDriver.java:352)
at org.openqa.selenium.remote.RemoteWebDriver.findElement(RemoteWebDriver.java:344)
at pages.cgp.pages.cgp.main.CardBundlePage.clickEdit(CardBundlePage.java:50)
at cardbundle.Cardbundle.CardBundle_EditCardBundle(Cardbundle.java:31)
at java.base/java.util.ArrayList.forEach(ArrayList.java:1511)
... Removed 27 stack frames]]>
    </failure>
  </testcase> <!-- CardBundle_EditCardBundle -->
  <testcase classname="cardbundle.DayTime" name="CardBundle_CreateDayTimeCurrent" time="0.003">
    <failure type="java.lang.NullPointerException" message="Cannot invoke &amp;quot;org.openqa.selenium.WebDriver.findElement(org.openqa.selenium.By)&amp;quot; because &amp;quot;this.driver&amp;quot; is null">
      <![CDATA[java.lang.NullPointerException: Cannot invoke "org.openqa.selenium.WebDriver.findElement(org.openqa.selenium.By)" because "this.driver" is null
at pages.cgp.pages.cgp.main.SearchPage.setCardBundle(SearchPage.java:33)
at cardbundle.DayTime.CardBundle_CreateDayTimeCurrent(DayTime.java:36)
at java.base/java.util.ArrayList.forEach(ArrayList.java:1511)
... Removed 27 stack frames]]>
    </failure>
  </testcase> <!-- CardBundle_CreateDayTimeCurrent -->
  <testcase classname="cardbundle.DayTime" name="CardBundle_CreateDayTimeFuture" time="0.0">
    <failure type="java.lang.NullPointerException" message="Cannot invoke &amp;quot;pages.cgp.pages.cgp.main.MainPage.clickDayTimeRestrictionsTab()&amp;quot; because &amp;quot;this.mainPage&amp;quot; is null">
      <![CDATA[java.lang.NullPointerException: Cannot invoke "pages.cgp.pages.cgp.main.MainPage.clickDayTimeRestrictionsTab()" because "this.mainPage" is null
at cardbundle.DayTime.CardBundle_CreateDayTimeFuture(DayTime.java:57)
at java.base/java.util.ArrayList.forEach(ArrayList.java:1511)
... Removed 27 stack frames]]>
    </failure>
  </testcase> <!-- CardBundle_CreateDayTimeFuture -->
  <testcase classname="cardbundle.DayTime" name="CardBundle_EditDayTimeCurrent" time="0.001">
    <failure type="java.lang.NullPointerException" message="Cannot invoke &amp;quot;org.openqa.selenium.WebDriver.findElement(org.openqa.selenium.By)&amp;quot; because &amp;quot;this.driver&amp;quot; is null">
      <![CDATA[java.lang.NullPointerException: Cannot invoke "org.openqa.selenium.WebDriver.findElement(org.openqa.selenium.By)" because "this.driver" is null
at pages.cgp.pages.cgp.main.restriction.DayTimePage.clickCurrentEdit(DayTimePage.java:53)
at cardbundle.DayTime.CardBundle_EditDayTimeCurrent(DayTime.java:93)
at java.base/java.util.ArrayList.forEach(ArrayList.java:1511)
... Removed 27 stack frames]]>
    </failure>
  </testcase> <!-- CardBundle_EditDayTimeCurrent -->
  <testcase classname="cardbundle.DayTime" name="CardBundle_EditDayTimeFuture" time="0.001">
    <failure type="java.lang.NullPointerException" message="Cannot invoke &amp;quot;pages.cgp.pages.cgp.main.MainPage.clickDayTimeRestrictionsTab()&amp;quot; because &amp;quot;this.mainPage&amp;quot; is null">
      <![CDATA[java.lang.NullPointerException: Cannot invoke "pages.cgp.pages.cgp.main.MainPage.clickDayTimeRestrictionsTab()" because "this.mainPage" is null
at cardbundle.DayTime.CardBundle_EditDayTimeFuture(DayTime.java:105)
at java.base/java.util.ArrayList.forEach(ArrayList.java:1511)
... Removed 27 stack frames]]>
    </failure>
  </testcase> <!-- CardBundle_EditDayTimeFuture -->
  <testcase classname="cardbundle.DayTime" name="CardBundle_CancelDayTimeCurrent" time="0.001">
    <failure type="java.lang.NullPointerException" message="Cannot invoke &amp;quot;org.openqa.selenium.WebDriver.findElement(org.openqa.selenium.By)&amp;quot; because &amp;quot;this.driver&amp;quot; is null">
      <![CDATA[java.lang.NullPointerException: Cannot invoke "org.openqa.selenium.WebDriver.findElement(org.openqa.selenium.By)" because "this.driver" is null
at pages.cgp.pages.cgp.main.restriction.DayTimePage.clickCurrentEdit(DayTimePage.java:53)
at cardbundle.DayTime.CardBundle_CancelDayTimeCurrent(DayTime.java:128)
at java.base/java.util.ArrayList.forEach(ArrayList.java:1511)
... Removed 27 stack frames]]>
    </failure>
  </testcase> <!-- CardBundle_CancelDayTimeCurrent -->
  <testcase classname="cardbundle.DayTime" name="CardBundle_CancelDayTimeFuture" time="0.001">
    <failure type="java.lang.NullPointerException" message="Cannot invoke &amp;quot;pages.cgp.pages.cgp.main.MainPage.clickDayTimeRestrictionsTab()&amp;quot; because &amp;quot;this.mainPage&amp;quot; is null">
      <![CDATA[java.lang.NullPointerException: Cannot invoke "pages.cgp.pages.cgp.main.MainPage.clickDayTimeRestrictionsTab()" because "this.mainPage" is null
at cardbundle.DayTime.CardBundle_CancelDayTimeFuture(DayTime.java:139)
at java.base/java.util.ArrayList.forEach(ArrayList.java:1511)
... Removed 27 stack frames]]>
    </failure>
  </testcase> <!-- CardBundle_CancelDayTimeFuture -->
  <testcase classname="cardbundle.DayTime" name="CardBundle_DeleteDayTime" time="0.001">
    <failure type="java.lang.NullPointerException" message="Cannot invoke &amp;quot;org.openqa.selenium.WebDriver.findElement(org.openqa.selenium.By)&amp;quot; because &amp;quot;this.driver&amp;quot; is null">
      <![CDATA[java.lang.NullPointerException: Cannot invoke "org.openqa.selenium.WebDriver.findElement(org.openqa.selenium.By)" because "this.driver" is null
at pages.cgp.pages.cgp.main.restriction.DayTimePage.clickCurrentDelete(DayTimePage.java:62)
at cardbundle.DayTime.CardBundle_DeleteDayTime(DayTime.java:156)
at java.base/java.util.ArrayList.forEach(ArrayList.java:1511)
... Removed 27 stack frames]]>
    </failure>
  </testcase> <!-- CardBundle_DeleteDayTime -->
  <testcase classname="cardbundle.Location" name="CardBundle_CreateCurrentLocation" time="0.001">
    <failure type="java.lang.NullPointerException" message="Cannot invoke &amp;quot;org.openqa.selenium.WebDriver.findElement(org.openqa.selenium.By)&amp;quot; because &amp;quot;this.driver&amp;quot; is null">
      <![CDATA[java.lang.NullPointerException: Cannot invoke "org.openqa.selenium.WebDriver.findElement(org.openqa.selenium.By)" because "this.driver" is null
at pages.cgp.pages.cgp.main.SearchPage.setCardBundle(SearchPage.java:33)
at cardbundle.Location.CardBundle_CreateCurrentLocation(Location.java:41)
at java.base/java.util.ArrayList.forEach(ArrayList.java:1511)
... Removed 27 stack frames]]>
    </failure>
  </testcase> <!-- CardBundle_CreateCurrentLocation -->
  <testcase classname="cardbundle.Location" name="CardBundle_EditCurrentLocation" time="10.005">
    <failure type="java.lang.NullPointerException" message="Cannot invoke &amp;quot;org.openqa.selenium.WebDriver.findElement(org.openqa.selenium.By)&amp;quot; because &amp;quot;this.driver&amp;quot; is null">
      <![CDATA[java.lang.NullPointerException: Cannot invoke "org.openqa.selenium.WebDriver.findElement(org.openqa.selenium.By)" because "this.driver" is null
at pages.cgp.pages.cgp.main.restriction.LocationPage.clickCurrentEdit(LocationPage.java:76)
at cardbundle.Location.CardBundle_EditCurrentLocation(Location.java:80)
at java.base/java.util.ArrayList.forEach(ArrayList.java:1511)
... Removed 27 stack frames]]>
    </failure>
  </testcase> <!-- CardBundle_EditCurrentLocation -->
  <testcase classname="cardbundle.Location" name="CardBundle_CreateFutureLocation" time="10.009">
    <failure type="java.lang.NullPointerException" message="Cannot invoke &amp;quot;org.openqa.selenium.JavascriptExecutor.executeScript(String, Object[])&amp;quot; because &amp;quot;js&amp;quot; is null">
      <![CDATA[java.lang.NullPointerException: Cannot invoke "org.openqa.selenium.JavascriptExecutor.executeScript(String, Object[])" because "js" is null
at cardbundle.Location.CardBundle_CreateFutureLocation(Location.java:100)
at java.base/java.util.ArrayList.forEach(ArrayList.java:1511)
... Removed 27 stack frames]]>
    </failure>
  </testcase> <!-- CardBundle_CreateFutureLocation -->
  <testcase classname="cardbundle.Location" name="CardBundle_EditFutureLocation" time="10.003">
    <failure type="java.lang.NullPointerException" message="Cannot invoke &amp;quot;org.openqa.selenium.JavascriptExecutor.executeScript(String, Object[])&amp;quot; because &amp;quot;js&amp;quot; is null">
      <![CDATA[java.lang.NullPointerException: Cannot invoke "org.openqa.selenium.JavascriptExecutor.executeScript(String, Object[])" because "js" is null
at cardbundle.Location.CardBundle_EditFutureLocation(Location.java:138)
at java.base/java.util.ArrayList.forEach(ArrayList.java:1511)
... Removed 27 stack frames]]>
    </failure>
  </testcase> <!-- CardBundle_EditFutureLocation -->
  <testcase classname="cardbundle.Location" name="CardBundle_CancelCurrentLocation" time="10.011">
    <failure type="java.lang.NullPointerException" message="Cannot invoke &amp;quot;org.openqa.selenium.WebDriver.findElement(org.openqa.selenium.By)&amp;quot; because &amp;quot;this.driver&amp;quot; is null">
      <![CDATA[java.lang.NullPointerException: Cannot invoke "org.openqa.selenium.WebDriver.findElement(org.openqa.selenium.By)" because "this.driver" is null
at pages.cgp.pages.cgp.main.restriction.LocationPage.clickCurrentEdit(LocationPage.java:76)
at cardbundle.Location.CardBundle_CancelCurrentLocation(Location.java:161)
at java.base/java.util.ArrayList.forEach(ArrayList.java:1511)
... Removed 27 stack frames]]>
    </failure>
  </testcase> <!-- CardBundle_CancelCurrentLocation -->
  <testcase classname="cardbundle.Location" name="CardBundle_CancelFutureLocation" time="10.012">
    <failure type="java.lang.NullPointerException" message="Cannot invoke &amp;quot;org.openqa.selenium.JavascriptExecutor.executeScript(String, Object[])&amp;quot; because &amp;quot;js&amp;quot; is null">
      <![CDATA[java.lang.NullPointerException: Cannot invoke "org.openqa.selenium.JavascriptExecutor.executeScript(String, Object[])" because "js" is null
at cardbundle.Location.CardBundle_CancelFutureLocation(Location.java:175)
at java.base/java.util.ArrayList.forEach(ArrayList.java:1511)
... Removed 27 stack frames]]>
    </failure>
  </testcase> <!-- CardBundle_CancelFutureLocation -->
  <testcase classname="cardbundle.Location" name="CardBundle_DeleteCurrentLocation" time="10.01">
    <failure type="java.lang.NullPointerException" message="Cannot invoke &amp;quot;org.openqa.selenium.WebDriver.findElement(org.openqa.selenium.By)&amp;quot; because &amp;quot;this.driver&amp;quot; is null">
      <![CDATA[java.lang.NullPointerException: Cannot invoke "org.openqa.selenium.WebDriver.findElement(org.openqa.selenium.By)" because "this.driver" is null
at pages.cgp.pages.cgp.main.restriction.LocationPage.clickCurrentDelete(LocationPage.java:85)
at cardbundle.Location.CardBundle_DeleteCurrentLocation(Location.java:189)
at java.base/java.util.ArrayList.forEach(ArrayList.java:1511)
... Removed 27 stack frames]]>
    </failure>
  </testcase> <!-- CardBundle_DeleteCurrentLocation -->
  <testcase classname="cardbundle.Location" name="CardBundle_DeleteFutureLocation" time="10.005">
    <failure type="java.lang.NullPointerException" message="Cannot invoke &amp;quot;org.openqa.selenium.WebDriver.findElement(org.openqa.selenium.By)&amp;quot; because &amp;quot;this.driver&amp;quot; is null">
      <![CDATA[java.lang.NullPointerException: Cannot invoke "org.openqa.selenium.WebDriver.findElement(org.openqa.selenium.By)" because "this.driver" is null
at pages.cgp.pages.cgp.main.restriction.LocationPage.clickFutureDelete(LocationPage.java:103)
at cardbundle.Location.CardBundle_DeleteFutureLocation(Location.java:203)
at java.base/java.util.ArrayList.forEach(ArrayList.java:1511)
... Removed 27 stack frames]]>
    </failure>
  </testcase> <!-- CardBundle_DeleteFutureLocation -->
  <testcase classname="cardbundle.Product" name="CardBundle_CreateCurrentProduct" time="0.0">
    <failure type="java.lang.NullPointerException" message="Cannot invoke &amp;quot;org.openqa.selenium.WebDriver.findElement(org.openqa.selenium.By)&amp;quot; because &amp;quot;this.driver&amp;quot; is null">
      <![CDATA[java.lang.NullPointerException: Cannot invoke "org.openqa.selenium.WebDriver.findElement(org.openqa.selenium.By)" because "this.driver" is null
at pages.cgp.pages.cgp.main.SearchPage.setCardBundle(SearchPage.java:33)
at cardbundle.Product.CardBundle_CreateCurrentProduct(Product.java:35)
at java.base/java.util.ArrayList.forEach(ArrayList.java:1511)
... Removed 27 stack frames]]>
    </failure>
  </testcase> <!-- CardBundle_CreateCurrentProduct -->
  <testcase classname="cardbundle.Product" name="CardBundle_CreateFutureProduct" time="0.0">
    <failure type="java.lang.NullPointerException" message="Cannot invoke &amp;quot;pages.cgp.pages.cgp.main.MainPage.clickProductRestrictionsTab()&amp;quot; because &amp;quot;this.mainPage&amp;quot; is null">
      <![CDATA[java.lang.NullPointerException: Cannot invoke "pages.cgp.pages.cgp.main.MainPage.clickProductRestrictionsTab()" because "this.mainPage" is null
at cardbundle.Product.CardBundle_CreateFutureProduct(Product.java:58)
at java.base/java.util.ArrayList.forEach(ArrayList.java:1511)
... Removed 27 stack frames]]>
    </failure>
  </testcase> <!-- CardBundle_CreateFutureProduct -->
  <testcase classname="cardbundle.Product" name="CardBundle_EditCurrentProduct" time="2.008">
    <failure type="java.lang.NullPointerException" message="Cannot invoke &amp;quot;org.openqa.selenium.WebDriver.findElement(org.openqa.selenium.By)&amp;quot; because &amp;quot;this.driver&amp;quot; is null">
      <![CDATA[java.lang.NullPointerException: Cannot invoke "org.openqa.selenium.WebDriver.findElement(org.openqa.selenium.By)" because "this.driver" is null
at pages.cgp.pages.cgp.main.restriction.ProductPage.clickCurrentEdit(ProductPage.java:77)
at cardbundle.Product.CardBundle_EditCurrentProduct(Product.java:96)
at java.base/java.util.ArrayList.forEach(ArrayList.java:1511)
... Removed 27 stack frames]]>
    </failure>
  </testcase> <!-- CardBundle_EditCurrentProduct -->
  <testcase classname="cardbundle.Product" name="CardBundle_EditFutureProduct" time="0.0">
    <failure type="java.lang.NullPointerException" message="Cannot invoke &amp;quot;pages.cgp.pages.cgp.main.MainPage.clickProductRestrictionsTab()&amp;quot; because &amp;quot;this.mainPage&amp;quot; is null">
      <![CDATA[java.lang.NullPointerException: Cannot invoke "pages.cgp.pages.cgp.main.MainPage.clickProductRestrictionsTab()" because "this.mainPage" is null
at cardbundle.Product.CardBundle_EditFutureProduct(Product.java:109)
at java.base/java.util.ArrayList.forEach(ArrayList.java:1511)
... Removed 27 stack frames]]>
    </failure>
  </testcase> <!-- CardBundle_EditFutureProduct -->
  <testcase classname="cardbundle.Product" name="CardBundle_CancelCurrentProduct" time="2.005">
    <failure type="java.lang.NullPointerException" message="Cannot invoke &amp;quot;org.openqa.selenium.WebDriver.findElement(org.openqa.selenium.By)&amp;quot; because &amp;quot;this.driver&amp;quot; is null">
      <![CDATA[java.lang.NullPointerException: Cannot invoke "org.openqa.selenium.WebDriver.findElement(org.openqa.selenium.By)" because "this.driver" is null
at pages.cgp.pages.cgp.main.restriction.ProductPage.clickCurrentEdit(ProductPage.java:77)
at cardbundle.Product.CardBundle_CancelCurrentProduct(Product.java:139)
at java.base/java.util.ArrayList.forEach(ArrayList.java:1511)
... Removed 27 stack frames]]>
    </failure>
  </testcase> <!-- CardBundle_CancelCurrentProduct -->
  <testcase classname="cardbundle.Product" name="CardBundle_CancelFutureProduct" time="0.0">
    <failure type="java.lang.NullPointerException" message="Cannot invoke &amp;quot;pages.cgp.pages.cgp.main.MainPage.clickProductRestrictionsTab()&amp;quot; because &amp;quot;this.mainPage&amp;quot; is null">
      <![CDATA[java.lang.NullPointerException: Cannot invoke "pages.cgp.pages.cgp.main.MainPage.clickProductRestrictionsTab()" because "this.mainPage" is null
at cardbundle.Product.CardBundle_CancelFutureProduct(Product.java:150)
at java.base/java.util.ArrayList.forEach(ArrayList.java:1511)
... Removed 27 stack frames]]>
    </failure>
  </testcase> <!-- CardBundle_CancelFutureProduct -->
  <testcase classname="cardbundle.Product" name="CardBundle_DeleteProduct" time="2.007">
    <failure type="java.lang.NullPointerException" message="Cannot invoke &amp;quot;org.openqa.selenium.WebDriver.findElement(org.openqa.selenium.By)&amp;quot; because &amp;quot;this.driver&amp;quot; is null">
      <![CDATA[java.lang.NullPointerException: Cannot invoke "org.openqa.selenium.WebDriver.findElement(org.openqa.selenium.By)" because "this.driver" is null
at pages.cgp.pages.cgp.main.restriction.ProductPage.clickCurrentDelete(ProductPage.java:86)
at cardbundle.Product.CardBundle_DeleteProduct(Product.java:166)
at java.base/java.util.ArrayList.forEach(ArrayList.java:1511)
... Removed 27 stack frames]]>
    </failure>
  </testcase> <!-- CardBundle_DeleteProduct -->
  <testcase classname="cardbundle.Velocity" name="CardBundle_CreateVelocity" time="0.001">
    <failure type="java.lang.NullPointerException" message="Cannot invoke &amp;quot;org.openqa.selenium.WebDriver.findElement(org.openqa.selenium.By)&amp;quot; because &amp;quot;this.driver&amp;quot; is null">
      <![CDATA[java.lang.NullPointerException: Cannot invoke "org.openqa.selenium.WebDriver.findElement(org.openqa.selenium.By)" because "this.driver" is null
at pages.cgp.pages.cgp.main.SearchPage.setCardBundle(SearchPage.java:33)
at cardbundle.Velocity.CardBundle_CreateVelocity(Velocity.java:32)
at java.base/java.util.ArrayList.forEach(ArrayList.java:1511)
... Removed 27 stack frames]]>
    </failure>
  </testcase> <!-- CardBundle_CreateVelocity -->
  <testcase classname="component.Base" name="@BeforeTest setUp" time="0.0">
    <ignored/>
  </testcase> <!-- @BeforeTest setUp -->
  <testcase classname="component.Base" name="@AfterTest quit" time="0.0">
    <ignored/>
  </testcase> <!-- @AfterTest quit -->
  <testcase classname="component.Base" name="@AfterTest quit" time="0.0">
    <ignored/>
  </testcase> <!-- @AfterTest quit -->
  <testcase classname="component.Base" name="@AfterTest quit" time="0.0">
    <ignored/>
  </testcase> <!-- @AfterTest quit -->
  <testcase classname="component.Base" name="@AfterTest quit" time="0.0">
    <ignored/>
  </testcase> <!-- @AfterTest quit -->
  <testcase classname="component.Base" name="@BeforeTest setUp" time="0.0">
    <ignored/>
  </testcase> <!-- @BeforeTest setUp -->
  <testcase classname="component.Base" name="@BeforeTest setUp" time="0.0">
    <ignored/>
  </testcase> <!-- @BeforeTest setUp -->
  <testcase classname="component.Base" name="@BeforeTest setUp" time="0.0">
    <ignored/>
  </testcase> <!-- @BeforeTest setUp -->
</testsuite> <!-- Card -->
