<?xml version="1.0" encoding="UTF-8"?>
<!-- Generated by org.testng.reporters.JUnitXMLReporter -->
<testsuite ignored="0" hostname="MY-L-D6JT3F3" failures="1" tests="18" name="Test" time="376.733" errors="0" timestamp="2023-04-20T15:49:07 SGT">
  <testcase classname="cardbundle.Cardbundle" name="test_EditCardBundle" time="7.371"/>
  <testcase classname="cardbundle.DayTime" name="CardBundle_CreateDayTimeCurrent" time="4.801"/>
  <testcase classname="cardbundle.DayTime" name="CardBundle_CreateDayTimeFuture" time="13.67"/>
  <testcase classname="cardbundle.DayTime" name="CardBundle_EditDayTimeCurrent" time="2.16"/>
  <testcase classname="cardbundle.DayTime" name="CardBundle_EditDayTimeFuture" time="9.445"/>
  <testcase classname="cardbundle.DayTime" name="test_DeleteDayTime" time="6.131"/>
  <testcase classname="cardbundle.Location" name="CardBundle_CreateCurrentLocation" time="17.729"/>
  <testcase classname="cardbundle.Location" name="CardBundle_EditCurrentLocation" time="15.199"/>
  <testcase classname="cardbundle.Location" name="CardBundle_CreateFutureLocation" time="26.103"/>
  <testcase classname="cardbundle.Location" name="CardBundle_EditFutureLocation" time="23.42"/>
  <testcase classname="cardbundle.Location" name="CardBundle_DeleteCurrentLocation" time="14.067"/>
  <testcase classname="cardbundle.Location" name="CardBundle_DeleteFutureLocation" time="14.067"/>
  <testcase classname="cardbundle.Product" name="CardBundle_CreateCurrentProduct" time="6.678"/>
  <testcase classname="cardbundle.Product" name="CardBundle_CreateFutureProduct" time="16.738"/>
  <testcase classname="cardbundle.Product" name="CardBundle_EditCurrentProduct" time="4.206"/>
  <testcase classname="cardbundle.Product" name="CardBundle_EditFutureProduct" time="16.377"/>
  <testcase classname="cardbundle.Product" name="CardBundle_DeleteProduct" time="8.12"/>
  <testcase classname="cardbundle.Velocity" name="CardBundle_NewVelocity" time="2.198">
    <failure type="org.openqa.selenium.ElementNotInteractableException" message="element not interactable
  (Session info: chrome=112.0.5615.122)
Build info: version: &amp;apos;4.8.0&amp;apos;, revision: &amp;apos;267030adea&amp;apos;
System info: os.name: &amp;apos;Windows 10&amp;apos;, os.arch: &amp;apos;amd64&amp;apos;, os.version: &amp;apos;10.0&amp;apos;, java.version: &amp;apos;17.0.6&amp;apos;
Driver info: org.openqa.selenium.chrome.ChromeDriver
Command: [cc209f65629f46e4f211a85f82eb10fa, clickElement {id=0a6a2dd5-086d-445d-9f8a-5c5a45f37760}]
Capabilities {acceptInsecureCerts: false, browserName: chrome, browserVersion: 112.0.5615.122, chrome: {chromedriverVersion: 112.0.5615.49 (bd2a7bcb881c..., userDataDir: C:\Users\MUHAMM~1.MAN\AppDa...}, goog:chromeOptions: {debuggerAddress: localhost:60120}, networkConnectionEnabled: false, pageLoadStrategy: normal, platformName: WINDOWS, proxy: Proxy(), se:cdp: ws://localhost:60120/devtoo..., se:cdpVersion: 112.0.5615.122, setWindowRect: true, strictFileInteractability: false, timeouts: {implicit: 0, pageLoad: 300000, script: 30000}, unhandledPromptBehavior: dismiss and notify, webauthn:extension:credBlob: true, webauthn:extension:largeBlob: true, webauthn:extension:minPinLength: true, webauthn:extension:prf: true, webauthn:virtualAuthenticators: true}
Element: [[ChromeDriver: chrome on WINDOWS (cc209f65629f46e4f211a85f82eb10fa)] -&amp;gt; id: module_VolumeVelocity]
Session ID: cc209f65629f46e4f211a85f82eb10fa">
      <![CDATA[org.openqa.selenium.ElementNotInteractableException: element not interactable
  (Session info: chrome=112.0.5615.122)
Build info: version: '4.8.0', revision: '267030adea'
System info: os.name: 'Windows 10', os.arch: 'amd64', os.version: '10.0', java.version: '17.0.6'
Driver info: org.openqa.selenium.chrome.ChromeDriver
Command: [cc209f65629f46e4f211a85f82eb10fa, clickElement {id=0a6a2dd5-086d-445d-9f8a-5c5a45f37760}]
Capabilities {acceptInsecureCerts: false, browserName: chrome, browserVersion: 112.0.5615.122, chrome: {chromedriverVersion: 112.0.5615.49 (bd2a7bcb881c..., userDataDir: C:\Users\MUHAMM~1.MAN\AppDa...}, goog:chromeOptions: {debuggerAddress: localhost:60120}, networkConnectionEnabled: false, pageLoadStrategy: normal, platformName: WINDOWS, proxy: Proxy(), se:cdp: ws://localhost:60120/devtoo..., se:cdpVersion: 112.0.5615.122, setWindowRect: true, strictFileInteractability: false, timeouts: {implicit: 0, pageLoad: 300000, script: 30000}, unhandledPromptBehavior: dismiss and notify, webauthn:extension:credBlob: true, webauthn:extension:largeBlob: true, webauthn:extension:minPinLength: true, webauthn:extension:prf: true, webauthn:virtualAuthenticators: true}
Element: [[ChromeDriver: chrome on WINDOWS (cc209f65629f46e4f211a85f82eb10fa)] -> id: module_VolumeVelocity]
Session ID: cc209f65629f46e4f211a85f82eb10fa
at org.openqa.selenium.remote.codec.w3c.W3CHttpResponseCodec.createException(W3CHttpResponseCodec.java:200)
at org.openqa.selenium.remote.codec.w3c.W3CHttpResponseCodec.decode(W3CHttpResponseCodec.java:133)
at org.openqa.selenium.remote.codec.w3c.W3CHttpResponseCodec.decode(W3CHttpResponseCodec.java:53)
at org.openqa.selenium.remote.HttpCommandExecutor.execute(HttpCommandExecutor.java:184)
at org.openqa.selenium.remote.service.DriverCommandExecutor.invokeExecute(DriverCommandExecutor.java:167)
at org.openqa.selenium.remote.service.DriverCommandExecutor.execute(DriverCommandExecutor.java:142)
at org.openqa.selenium.remote.RemoteWebDriver.execute(RemoteWebDriver.java:543)
at org.openqa.selenium.remote.RemoteWebElement.execute(RemoteWebElement.java:257)
at org.openqa.selenium.remote.RemoteWebElement.click(RemoteWebElement.java:78)
at pages.cgp.pages.cgp.main.MainPage.clickVelocitiesTab(MainPage.java:83)
at cardbundle.Velocity.CardBundle_NewVelocity(Velocity.java:72)
at java.base/java.util.ArrayList.forEach(ArrayList.java:1511)
... Removed 32 stack frames]]>
    </failure>
  </testcase> <!-- CardBundle_NewVelocity -->
</testsuite> <!-- Test -->
