<?xml version="1.0" encoding="UTF-8"?>
<testng-results ignored="0" total="93" passed="85" failed="8" skipped="0">
  <reporter-output>
  </reporter-output>
  <suite started-at="2023-09-08T17:57:17 SGT" name="Suite" finished-at="2023-09-08T18:12:40 SGT" duration-ms="923637">
    <groups>
    </groups>
    <test started-at="2023-09-08T17:57:17 SGT" name="account.Account" finished-at="2023-09-08T17:57:55 SGT" duration-ms="38451">
      <class name="account.Account">
        <test-method is-config="true" signature="setUp()[pri:0, instance:account.Account@783a467b]" started-at="2023-09-08T17:57:17 SGT" name="setUp" finished-at="2023-09-08T17:57:46 SGT" duration-ms="29385" status="PASS">
          <reporter-output>
          </reporter-output>
        </test-method> <!-- setUp -->
        <test-method signature="Account_BlockUnBlock()[pri:0, instance:account.Account@783a467b]" started-at="2023-09-08T17:57:46 SGT" name="Account_BlockUnBlock" finished-at="2023-09-08T17:57:49 SGT" duration-ms="2624" status="PASS">
          <reporter-output>
          </reporter-output>
        </test-method> <!-- Account_BlockUnBlock -->
        <test-method signature="Account_SystematicAlert()[pri:1, instance:account.Account@783a467b]" started-at="2023-09-08T17:57:49 SGT" name="Account_SystematicAlert" finished-at="2023-09-08T17:57:50 SGT" duration-ms="1565" status="PASS">
          <reporter-output>
          </reporter-output>
        </test-method> <!-- Account_SystematicAlert -->
        <test-method signature="Account_NewCardBundle()[pri:2, instance:account.Account@783a467b]" started-at="2023-09-08T17:57:50 SGT" name="Account_NewCardBundle" finished-at="2023-09-08T17:57:52 SGT" duration-ms="1139" status="PASS">
          <reporter-output>
          </reporter-output>
        </test-method> <!-- Account_NewCardBundle -->
        <test-method signature="Account_EditCardBundle()[pri:3, instance:account.Account@783a467b]" started-at="2023-09-08T17:57:52 SGT" name="Account_EditCardBundle" finished-at="2023-09-08T17:57:53 SGT" duration-ms="1291" status="PASS">
          <reporter-output>
          </reporter-output>
        </test-method> <!-- Account_EditCardBundle -->
        <test-method signature="Account_RemoveCardBundle()[pri:4, instance:account.Account@783a467b]" started-at="2023-09-08T17:57:53 SGT" name="Account_RemoveCardBundle" finished-at="2023-09-08T17:57:54 SGT" duration-ms="697" status="PASS">
          <reporter-output>
          </reporter-output>
        </test-method> <!-- Account_RemoveCardBundle -->
        <test-method signature="Account_DeleteCardBundle()[pri:5, instance:account.Account@783a467b]" started-at="2023-09-08T17:57:54 SGT" name="Account_DeleteCardBundle" finished-at="2023-09-08T17:57:55 SGT" duration-ms="1410" status="PASS">
          <reporter-output>
          </reporter-output>
        </test-method> <!-- Account_DeleteCardBundle -->
        <test-method is-config="true" signature="quit()[pri:0, instance:account.Account@783a467b]" started-at="2023-09-08T17:57:55 SGT" name="quit" finished-at="2023-09-08T17:57:55 SGT" duration-ms="307" status="PASS">
          <reporter-output>
          </reporter-output>
        </test-method> <!-- quit -->
      </class> <!-- account.Account -->
    </test> <!-- account.Account -->
    <test started-at="2023-09-08T17:57:55 SGT" name="account.FleetId" finished-at="2023-09-08T17:58:29 SGT" duration-ms="33659">
      <class name="account.FleetId">
        <test-method is-config="true" signature="setUp()[pri:0, instance:account.FleetId@53fe15ff]" started-at="2023-09-08T17:57:55 SGT" name="setUp" finished-at="2023-09-08T17:58:24 SGT" duration-ms="29072" status="PASS">
          <reporter-output>
          </reporter-output>
        </test-method> <!-- setUp -->
        <test-method signature="Account_CreateFleetID()[pri:0, instance:account.FleetId@53fe15ff]" started-at="2023-09-08T17:58:24 SGT" name="Account_CreateFleetID" finished-at="2023-09-08T17:58:27 SGT" duration-ms="2563" status="PASS">
          <reporter-output>
          </reporter-output>
        </test-method> <!-- Account_CreateFleetID -->
        <test-method signature="Account_ExportFleetID()[pri:0, instance:account.FleetId@53fe15ff]" started-at="2023-09-08T17:58:27 SGT" name="Account_ExportFleetID" finished-at="2023-09-08T17:58:27 SGT" duration-ms="296" status="PASS">
          <reporter-output>
          </reporter-output>
        </test-method> <!-- Account_ExportFleetID -->
        <test-method signature="Account_EditFleetID()[pri:1, instance:account.FleetId@53fe15ff]" started-at="2023-09-08T17:58:27 SGT" name="Account_EditFleetID" finished-at="2023-09-08T17:58:28 SGT" duration-ms="814" status="PASS">
          <reporter-output>
          </reporter-output>
        </test-method> <!-- Account_EditFleetID -->
        <test-method signature="Account_DeleteFleetID()[pri:2, instance:account.FleetId@53fe15ff]" started-at="2023-09-08T17:58:28 SGT" name="Account_DeleteFleetID" finished-at="2023-09-08T17:58:29 SGT" duration-ms="601" status="PASS">
          <reporter-output>
          </reporter-output>
        </test-method> <!-- Account_DeleteFleetID -->
        <test-method is-config="true" signature="quit()[pri:0, instance:account.FleetId@53fe15ff]" started-at="2023-09-08T17:58:29 SGT" name="quit" finished-at="2023-09-08T17:58:29 SGT" duration-ms="307" status="PASS">
          <reporter-output>
          </reporter-output>
        </test-method> <!-- quit -->
      </class> <!-- account.FleetId -->
    </test> <!-- account.FleetId -->
    <test started-at="2023-09-08T17:58:29 SGT" name="account.DayTime" finished-at="2023-09-08T17:59:11 SGT" duration-ms="42296">
      <class name="account.DayTime">
        <test-method is-config="true" signature="setUp()[pri:0, instance:account.DayTime@8f2ef19]" started-at="2023-09-08T17:58:29 SGT" name="setUp" finished-at="2023-09-08T17:59:02 SGT" duration-ms="32528" status="PASS">
          <reporter-output>
          </reporter-output>
        </test-method> <!-- setUp -->
        <test-method signature="Account_CreateDayTimeCurrent()[pri:0, instance:account.DayTime@8f2ef19]" started-at="2023-09-08T17:59:02 SGT" name="Account_CreateDayTimeCurrent" finished-at="2023-09-08T17:59:04 SGT" duration-ms="2226" status="PASS">
          <reporter-output>
          </reporter-output>
        </test-method> <!-- Account_CreateDayTimeCurrent -->
        <test-method signature="Account_EditDayTimeCurrent()[pri:1, instance:account.DayTime@8f2ef19]" started-at="2023-09-08T17:59:04 SGT" name="Account_EditDayTimeCurrent" finished-at="2023-09-08T17:59:04 SGT" duration-ms="700" status="PASS">
          <reporter-output>
          </reporter-output>
        </test-method> <!-- Account_EditDayTimeCurrent -->
        <test-method signature="Account_CreateDayTimeFuture()[pri:2, instance:account.DayTime@8f2ef19]" started-at="2023-09-08T17:59:04 SGT" name="Account_CreateDayTimeFuture" finished-at="2023-09-08T17:59:08 SGT" duration-ms="3083" status="PASS">
          <reporter-output>
          </reporter-output>
        </test-method> <!-- Account_CreateDayTimeFuture -->
        <test-method signature="Account_EditDayTimeFuture()[pri:3, instance:account.DayTime@8f2ef19]" started-at="2023-09-08T17:59:08 SGT" name="Account_EditDayTimeFuture" finished-at="2023-09-08T17:59:10 SGT" duration-ms="2256" status="PASS">
          <reporter-output>
          </reporter-output>
        </test-method> <!-- Account_EditDayTimeFuture -->
        <test-method signature="Account_DeleteDayTimeCurrent()[pri:4, instance:account.DayTime@8f2ef19]" started-at="2023-09-08T17:59:10 SGT" name="Account_DeleteDayTimeCurrent" finished-at="2023-09-08T17:59:10 SGT" duration-ms="604" status="PASS">
          <reporter-output>
          </reporter-output>
        </test-method> <!-- Account_DeleteDayTimeCurrent -->
        <test-method signature="Account_DeleteDayTimeFuture()[pri:5, instance:account.DayTime@8f2ef19]" started-at="2023-09-08T17:59:10 SGT" name="Account_DeleteDayTimeFuture" finished-at="2023-09-08T17:59:11 SGT" duration-ms="590" status="PASS">
          <reporter-output>
          </reporter-output>
        </test-method> <!-- Account_DeleteDayTimeFuture -->
        <test-method is-config="true" signature="quit()[pri:0, instance:account.DayTime@8f2ef19]" started-at="2023-09-08T17:59:11 SGT" name="quit" finished-at="2023-09-08T17:59:11 SGT" duration-ms="302" status="PASS">
          <reporter-output>
          </reporter-output>
        </test-method> <!-- quit -->
      </class> <!-- account.DayTime -->
    </test> <!-- account.DayTime -->
    <test started-at="2023-09-08T17:59:11 SGT" name="account.Location" finished-at="2023-09-08T18:00:04 SGT" duration-ms="52949">
      <class name="account.Location">
        <test-method is-config="true" signature="setUp()[pri:0, instance:account.Location@248e319b]" started-at="2023-09-08T17:59:11 SGT" name="setUp" finished-at="2023-09-08T17:59:48 SGT" duration-ms="36846" status="PASS">
          <reporter-output>
          </reporter-output>
        </test-method> <!-- setUp -->
        <test-method signature="Account_CreateCurrentLocation()[pri:0, instance:account.Location@248e319b]" started-at="2023-09-08T17:59:48 SGT" name="Account_CreateCurrentLocation" finished-at="2023-09-08T17:59:54 SGT" duration-ms="6214" status="FAIL">
          <exception class="org.openqa.selenium.ElementClickInterceptedException">
            <message>
              <![CDATA[element click intercepted: Element <input type="button" value="Edit" id="editLocationCurrent"> is not clickable at point (1090, 143). Other element would receive the click: <div class="mask" style="display: block;">...</div>
  (Session info: chrome=116.0.5845.180)
Build info: version: '4.8.0', revision: '267030adea'
System info: os.name: 'Windows 10', os.arch: 'amd64', os.version: '10.0', java.version: '17.0.6'
Driver info: org.openqa.selenium.chrome.ChromeDriver
Command: [d8d74b1b203713dd9e8b9d842c098e70, clickElement {id=298BE5C8A8C90CF8A8EE748D3937D5E6_element_143}]
Capabilities {acceptInsecureCerts: false, browserName: chrome, browserVersion: 116.0.5845.180, chrome: {chromedriverVersion: 116.0.5845.96 (1a3918166880..., userDataDir: C:\Users\MUHAMM~1.MAN\AppDa...}, fedcm:accounts: true, goog:chromeOptions: {debuggerAddress: localhost:56107}, networkConnectionEnabled: false, pageLoadStrategy: normal, platformName: WINDOWS, proxy: Proxy(), se:cdp: ws://localhost:56107/devtoo..., se:cdpVersion: 116.0.5845.180, setWindowRect: true, strictFileInteractability: false, timeouts: {implicit: 0, pageLoad: 300000, script: 30000}, unhandledPromptBehavior: dismiss and notify, webauthn:extension:credBlob: true, webauthn:extension:largeBlob: true, webauthn:extension:minPinLength: true, webauthn:extension:prf: true, webauthn:virtualAuthenticators: true}
Element: [[ChromeDriver: chrome on WINDOWS (d8d74b1b203713dd9e8b9d842c098e70)] -> css selector: input#editLocationCurrent[value='Edit']]
Session ID: d8d74b1b203713dd9e8b9d842c098e70]]>
            </message>
            <full-stacktrace>
              <![CDATA[org.openqa.selenium.ElementClickInterceptedException: element click intercepted: Element <input type="button" value="Edit" id="editLocationCurrent"> is not clickable at point (1090, 143). Other element would receive the click: <div class="mask" style="display: block;">...</div>
  (Session info: chrome=116.0.5845.180)
Build info: version: '4.8.0', revision: '267030adea'
System info: os.name: 'Windows 10', os.arch: 'amd64', os.version: '10.0', java.version: '17.0.6'
Driver info: org.openqa.selenium.chrome.ChromeDriver
Command: [d8d74b1b203713dd9e8b9d842c098e70, clickElement {id=298BE5C8A8C90CF8A8EE748D3937D5E6_element_143}]
Capabilities {acceptInsecureCerts: false, browserName: chrome, browserVersion: 116.0.5845.180, chrome: {chromedriverVersion: 116.0.5845.96 (1a3918166880..., userDataDir: C:\Users\MUHAMM~1.MAN\AppDa...}, fedcm:accounts: true, goog:chromeOptions: {debuggerAddress: localhost:56107}, networkConnectionEnabled: false, pageLoadStrategy: normal, platformName: WINDOWS, proxy: Proxy(), se:cdp: ws://localhost:56107/devtoo..., se:cdpVersion: 116.0.5845.180, setWindowRect: true, strictFileInteractability: false, timeouts: {implicit: 0, pageLoad: 300000, script: 30000}, unhandledPromptBehavior: dismiss and notify, webauthn:extension:credBlob: true, webauthn:extension:largeBlob: true, webauthn:extension:minPinLength: true, webauthn:extension:prf: true, webauthn:virtualAuthenticators: true}
Element: [[ChromeDriver: chrome on WINDOWS (d8d74b1b203713dd9e8b9d842c098e70)] -> css selector: input#editLocationCurrent[value='Edit']]
Session ID: d8d74b1b203713dd9e8b9d842c098e70
at java.base/jdk.internal.reflect.NativeConstructorAccessorImpl.newInstance0(Native Method)
at java.base/jdk.internal.reflect.NativeConstructorAccessorImpl.newInstance(NativeConstructorAccessorImpl.java:77)
at java.base/jdk.internal.reflect.DelegatingConstructorAccessorImpl.newInstance(DelegatingConstructorAccessorImpl.java:45)
at java.base/java.lang.reflect.Constructor.newInstanceWithCaller(Constructor.java:499)
at java.base/java.lang.reflect.Constructor.newInstance(Constructor.java:480)
at org.openqa.selenium.remote.codec.w3c.W3CHttpResponseCodec.createException(W3CHttpResponseCodec.java:200)
at org.openqa.selenium.remote.codec.w3c.W3CHttpResponseCodec.decode(W3CHttpResponseCodec.java:133)
at org.openqa.selenium.remote.codec.w3c.W3CHttpResponseCodec.decode(W3CHttpResponseCodec.java:53)
at org.openqa.selenium.remote.HttpCommandExecutor.execute(HttpCommandExecutor.java:184)
at org.openqa.selenium.remote.service.DriverCommandExecutor.invokeExecute(DriverCommandExecutor.java:167)
at org.openqa.selenium.remote.service.DriverCommandExecutor.execute(DriverCommandExecutor.java:142)
at org.openqa.selenium.remote.RemoteWebDriver.execute(RemoteWebDriver.java:543)
at org.openqa.selenium.remote.RemoteWebElement.execute(RemoteWebElement.java:257)
at org.openqa.selenium.remote.RemoteWebElement.click(RemoteWebElement.java:78)
at jdk.internal.reflect.GeneratedMethodAccessor3.invoke(Unknown Source)
at java.base/jdk.internal.reflect.DelegatingMethodAccessorImpl.invoke(DelegatingMethodAccessorImpl.java:43)
at java.base/java.lang.reflect.Method.invoke(Method.java:568)
at org.openqa.selenium.support.pagefactory.internal.LocatingElementHandler.invoke(LocatingElementHandler.java:52)
at jdk.proxy2/jdk.proxy2.$Proxy16.click(Unknown Source)
at pages.cgp.pages.cgp.main.restriction.LocationPage.clickCurrentEdit(LocationPage.java:170)
at account.Location.Account_CreateCurrentLocation(Location.java:45)
at java.base/jdk.internal.reflect.NativeMethodAccessorImpl.invoke0(Native Method)
at java.base/jdk.internal.reflect.NativeMethodAccessorImpl.invoke(NativeMethodAccessorImpl.java:77)
at java.base/jdk.internal.reflect.DelegatingMethodAccessorImpl.invoke(DelegatingMethodAccessorImpl.java:43)
at java.base/java.lang.reflect.Method.invoke(Method.java:568)
at org.testng.internal.invokers.MethodInvocationHelper.invokeMethod(MethodInvocationHelper.java:139)
at org.testng.internal.invokers.TestInvoker.invokeMethod(TestInvoker.java:677)
at org.testng.internal.invokers.TestInvoker.invokeTestMethod(TestInvoker.java:221)
at org.testng.internal.invokers.MethodRunner.runInSequence(MethodRunner.java:50)
at org.testng.internal.invokers.TestInvoker$MethodInvocationAgent.invoke(TestInvoker.java:969)
at org.testng.internal.invokers.TestInvoker.invokeTestMethods(TestInvoker.java:194)
at org.testng.internal.invokers.TestMethodWorker.invokeTestMethods(TestMethodWorker.java:148)
at org.testng.internal.invokers.TestMethodWorker.run(TestMethodWorker.java:128)
at java.base/java.util.ArrayList.forEach(ArrayList.java:1511)
at org.testng.TestRunner.privateRun(TestRunner.java:829)
at org.testng.TestRunner.run(TestRunner.java:602)
at org.testng.SuiteRunner.runTest(SuiteRunner.java:437)
at org.testng.SuiteRunner.runSequentially(SuiteRunner.java:431)
at org.testng.SuiteRunner.privateRun(SuiteRunner.java:391)
at org.testng.SuiteRunner.run(SuiteRunner.java:330)
at org.testng.SuiteRunnerWorker.runSuite(SuiteRunnerWorker.java:52)
at org.testng.SuiteRunnerWorker.run(SuiteRunnerWorker.java:95)
at org.testng.TestNG.runSuitesSequentially(TestNG.java:1256)
at org.testng.TestNG.runSuitesLocally(TestNG.java:1176)
at org.testng.TestNG.runSuites(TestNG.java:1099)
at org.testng.TestNG.run(TestNG.java:1067)
at org.testng.remote.AbstractRemoteTestNG.run(AbstractRemoteTestNG.java:115)
at org.testng.remote.RemoteTestNG.initAndRun(RemoteTestNG.java:251)
at org.testng.remote.RemoteTestNG.main(RemoteTestNG.java:77)
]]>
            </full-stacktrace>
          </exception> <!-- org.openqa.selenium.ElementClickInterceptedException -->
          <reporter-output>
          </reporter-output>
        </test-method> <!-- Account_CreateCurrentLocation -->
        <test-method signature="Account_EditCurrentLocation()[pri:2, instance:account.Location@248e319b]" started-at="2023-09-08T17:59:54 SGT" name="Account_EditCurrentLocation" finished-at="2023-09-08T17:59:56 SGT" duration-ms="1501" status="FAIL">
          <exception class="java.lang.AssertionError">
            <message>
              <![CDATA[expected [Current location restriction setting is updated successfully.] but found [Current location restriction setting is created successfully.]]]>
            </message>
            <full-stacktrace>
              <![CDATA[java.lang.AssertionError: expected [Current location restriction setting is updated successfully.] but found [Current location restriction setting is created successfully.]
at org.testng.Assert.fail(Assert.java:110)
at org.testng.Assert.failNotEquals(Assert.java:1577)
at org.testng.Assert.assertEqualsImpl(Assert.java:149)
at org.testng.Assert.assertEquals(Assert.java:131)
at org.testng.Assert.assertEquals(Assert.java:655)
at org.testng.Assert.assertEquals(Assert.java:665)
at account.Location.Account_EditCurrentLocation(Location.java:78)
at java.base/jdk.internal.reflect.NativeMethodAccessorImpl.invoke0(Native Method)
at java.base/jdk.internal.reflect.NativeMethodAccessorImpl.invoke(NativeMethodAccessorImpl.java:77)
at java.base/jdk.internal.reflect.DelegatingMethodAccessorImpl.invoke(DelegatingMethodAccessorImpl.java:43)
at java.base/java.lang.reflect.Method.invoke(Method.java:568)
at org.testng.internal.invokers.MethodInvocationHelper.invokeMethod(MethodInvocationHelper.java:139)
at org.testng.internal.invokers.TestInvoker.invokeMethod(TestInvoker.java:677)
at org.testng.internal.invokers.TestInvoker.invokeTestMethod(TestInvoker.java:221)
at org.testng.internal.invokers.MethodRunner.runInSequence(MethodRunner.java:50)
at org.testng.internal.invokers.TestInvoker$MethodInvocationAgent.invoke(TestInvoker.java:969)
at org.testng.internal.invokers.TestInvoker.invokeTestMethods(TestInvoker.java:194)
at org.testng.internal.invokers.TestMethodWorker.invokeTestMethods(TestMethodWorker.java:148)
at org.testng.internal.invokers.TestMethodWorker.run(TestMethodWorker.java:128)
at java.base/java.util.ArrayList.forEach(ArrayList.java:1511)
at org.testng.TestRunner.privateRun(TestRunner.java:829)
at org.testng.TestRunner.run(TestRunner.java:602)
at org.testng.SuiteRunner.runTest(SuiteRunner.java:437)
at org.testng.SuiteRunner.runSequentially(SuiteRunner.java:431)
at org.testng.SuiteRunner.privateRun(SuiteRunner.java:391)
at org.testng.SuiteRunner.run(SuiteRunner.java:330)
at org.testng.SuiteRunnerWorker.runSuite(SuiteRunnerWorker.java:52)
at org.testng.SuiteRunnerWorker.run(SuiteRunnerWorker.java:95)
at org.testng.TestNG.runSuitesSequentially(TestNG.java:1256)
at org.testng.TestNG.runSuitesLocally(TestNG.java:1176)
at org.testng.TestNG.runSuites(TestNG.java:1099)
at org.testng.TestNG.run(TestNG.java:1067)
at org.testng.remote.AbstractRemoteTestNG.run(AbstractRemoteTestNG.java:115)
at org.testng.remote.RemoteTestNG.initAndRun(RemoteTestNG.java:251)
at org.testng.remote.RemoteTestNG.main(RemoteTestNG.java:77)
]]>
            </full-stacktrace>
          </exception> <!-- java.lang.AssertionError -->
          <reporter-output>
          </reporter-output>
        </test-method> <!-- Account_EditCurrentLocation -->
        <test-method signature="Account_CreateFutureLocation()[pri:3, instance:account.Location@248e319b]" started-at="2023-09-08T17:59:56 SGT" name="Account_CreateFutureLocation" finished-at="2023-09-08T18:00:00 SGT" duration-ms="3862" status="PASS">
          <reporter-output>
          </reporter-output>
        </test-method> <!-- Account_CreateFutureLocation -->
        <test-method signature="Account_EditFutureLocation()[pri:4, instance:account.Location@248e319b]" started-at="2023-09-08T18:00:00 SGT" name="Account_EditFutureLocation" finished-at="2023-09-08T18:00:03 SGT" duration-ms="3068" status="PASS">
          <reporter-output>
          </reporter-output>
        </test-method> <!-- Account_EditFutureLocation -->
        <test-method signature="Account_DeleteFutureLocation()[pri:5, instance:account.Location@248e319b]" started-at="2023-09-08T18:00:03 SGT" name="Account_DeleteFutureLocation" finished-at="2023-09-08T18:00:03 SGT" duration-ms="598" status="PASS">
          <reporter-output>
          </reporter-output>
        </test-method> <!-- Account_DeleteFutureLocation -->
        <test-method signature="Account_DeleteCurrentLocation()[pri:6, instance:account.Location@248e319b]" started-at="2023-09-08T18:00:03 SGT" name="Account_DeleteCurrentLocation" finished-at="2023-09-08T18:00:04 SGT" duration-ms="589" status="PASS">
          <reporter-output>
          </reporter-output>
        </test-method> <!-- Account_DeleteCurrentLocation -->
        <test-method is-config="true" signature="quit()[pri:0, instance:account.Location@248e319b]" started-at="2023-09-08T18:00:04 SGT" name="quit" finished-at="2023-09-08T18:00:04 SGT" duration-ms="261" status="PASS">
          <reporter-output>
          </reporter-output>
        </test-method> <!-- quit -->
      </class> <!-- account.Location -->
    </test> <!-- account.Location -->
    <test started-at="2023-09-08T18:00:04 SGT" name="account.Product" finished-at="2023-09-08T18:00:44 SGT" duration-ms="39880">
      <class name="account.Product">
        <test-method is-config="true" signature="setUp()[pri:0, instance:account.Product@202b0582]" started-at="2023-09-08T18:00:04 SGT" name="setUp" finished-at="2023-09-08T18:00:32 SGT" duration-ms="27343" status="PASS">
          <reporter-output>
          </reporter-output>
        </test-method> <!-- setUp -->
        <test-method signature="Account_CreateCurrentProduct()[pri:0, instance:account.Product@202b0582]" started-at="2023-09-08T18:00:32 SGT" name="Account_CreateCurrentProduct" finished-at="2023-09-08T18:00:35 SGT" duration-ms="3786" status="PASS">
          <reporter-output>
          </reporter-output>
        </test-method> <!-- Account_CreateCurrentProduct -->
        <test-method signature="Account_EditCurrentProduct()[pri:1, instance:account.Product@202b0582]" started-at="2023-09-08T18:00:35 SGT" name="Account_EditCurrentProduct" finished-at="2023-09-08T18:00:36 SGT" duration-ms="816" status="PASS">
          <reporter-output>
          </reporter-output>
        </test-method> <!-- Account_EditCurrentProduct -->
        <test-method signature="Account_CreateFutureProduct()[pri:2, instance:account.Product@202b0582]" started-at="2023-09-08T18:00:36 SGT" name="Account_CreateFutureProduct" finished-at="2023-09-08T18:00:40 SGT" duration-ms="3625" status="PASS">
          <reporter-output>
          </reporter-output>
        </test-method> <!-- Account_CreateFutureProduct -->
        <test-method signature="Account_EditFutureProduct()[pri:3, instance:account.Product@202b0582]" started-at="2023-09-08T18:00:40 SGT" name="Account_EditFutureProduct" finished-at="2023-09-08T18:00:43 SGT" duration-ms="2815" status="PASS">
          <reporter-output>
          </reporter-output>
        </test-method> <!-- Account_EditFutureProduct -->
        <test-method signature="Account_DeleteProduct()[pri:4, instance:account.Product@202b0582]" started-at="2023-09-08T18:00:43 SGT" name="Account_DeleteProduct" finished-at="2023-09-08T18:00:44 SGT" duration-ms="1192" status="PASS">
          <reporter-output>
          </reporter-output>
        </test-method> <!-- Account_DeleteProduct -->
        <test-method is-config="true" signature="quit()[pri:0, instance:account.Product@202b0582]" started-at="2023-09-08T18:00:44 SGT" name="quit" finished-at="2023-09-08T18:00:44 SGT" duration-ms="298" status="PASS">
          <reporter-output>
          </reporter-output>
        </test-method> <!-- quit -->
      </class> <!-- account.Product -->
    </test> <!-- account.Product -->
    <test started-at="2023-09-08T18:00:44 SGT" name="account.ProductGroup" finished-at="2023-09-08T18:01:28 SGT" duration-ms="43682">
      <class name="account.ProductGroup">
        <test-method is-config="true" signature="setUp()[pri:0, instance:account.ProductGroup@663c9e7a]" started-at="2023-09-08T18:00:44 SGT" name="setUp" finished-at="2023-09-08T18:01:19 SGT" duration-ms="35078" status="PASS">
          <reporter-output>
          </reporter-output>
        </test-method> <!-- setUp -->
        <test-method signature="Account_CreateProductGroup()[pri:0, instance:account.ProductGroup@663c9e7a]" started-at="2023-09-08T18:01:19 SGT" name="Account_CreateProductGroup" finished-at="2023-09-08T18:01:24 SGT" duration-ms="4689" status="PASS">
          <reporter-output>
          </reporter-output>
        </test-method> <!-- Account_CreateProductGroup -->
        <test-method signature="Account_RemoveProductGroup()[pri:1, instance:account.ProductGroup@663c9e7a]" started-at="2023-09-08T18:01:24 SGT" name="Account_RemoveProductGroup" finished-at="2023-09-08T18:01:27 SGT" duration-ms="2802" status="PASS">
          <reporter-output>
          </reporter-output>
        </test-method> <!-- Account_RemoveProductGroup -->
        <test-method signature="Account_DeleteProductGroup()[pri:2, instance:account.ProductGroup@663c9e7a]" started-at="2023-09-08T18:01:27 SGT" name="Account_DeleteProductGroup" finished-at="2023-09-08T18:01:28 SGT" duration-ms="805" status="PASS">
          <reporter-output>
          </reporter-output>
        </test-method> <!-- Account_DeleteProductGroup -->
        <test-method is-config="true" signature="quit()[pri:0, instance:account.ProductGroup@663c9e7a]" started-at="2023-09-08T18:01:28 SGT" name="quit" finished-at="2023-09-08T18:01:28 SGT" duration-ms="305" status="PASS">
          <reporter-output>
          </reporter-output>
        </test-method> <!-- quit -->
      </class> <!-- account.ProductGroup -->
    </test> <!-- account.ProductGroup -->
    <test started-at="2023-09-08T18:01:28 SGT" name="account.SiteGroups" finished-at="2023-09-08T18:02:03 SGT" duration-ms="34731">
      <class name="account.SiteGroups">
        <test-method is-config="true" signature="setUp()[pri:0, instance:account.SiteGroups@712625fd]" started-at="2023-09-08T18:01:28 SGT" name="setUp" finished-at="2023-09-08T18:01:58 SGT" duration-ms="30438" status="PASS">
          <reporter-output>
          </reporter-output>
        </test-method> <!-- setUp -->
        <test-method signature="Account_AddGroupShellSite()[pri:0, instance:account.SiteGroups@712625fd]" started-at="2023-09-08T18:01:58 SGT" name="Account_AddGroupShellSite" finished-at="2023-09-08T18:02:01 SGT" duration-ms="2709" status="FAIL">
          <exception class="org.openqa.selenium.ElementClickInterceptedException">
            <message>
              <![CDATA[element click intercepted: Element <input type="button" name="SiteGroupSiteListNewGroup" value="New Group" id="btnSiteGroupSiteListNewGroup"> is not clickable at point (1005, 287). Other element would receive the click: <div class="mask" style="display: block;">...</div>
  (Session info: chrome=116.0.5845.180)
Build info: version: '4.8.0', revision: '267030adea'
System info: os.name: 'Windows 10', os.arch: 'amd64', os.version: '10.0', java.version: '17.0.6'
Driver info: org.openqa.selenium.chrome.ChromeDriver
Command: [f3d2688929971c3cdcf814f9e1601052, clickElement {id=C505A7924E92184EEF6A2604F7C3BF43_element_143}]
Capabilities {acceptInsecureCerts: false, browserName: chrome, browserVersion: 116.0.5845.180, chrome: {chromedriverVersion: 116.0.5845.96 (1a3918166880..., userDataDir: C:\Users\MUHAMM~1.MAN\AppDa...}, fedcm:accounts: true, goog:chromeOptions: {debuggerAddress: localhost:56301}, networkConnectionEnabled: false, pageLoadStrategy: normal, platformName: WINDOWS, proxy: Proxy(), se:cdp: ws://localhost:56301/devtoo..., se:cdpVersion: 116.0.5845.180, setWindowRect: true, strictFileInteractability: false, timeouts: {implicit: 0, pageLoad: 300000, script: 30000}, unhandledPromptBehavior: dismiss and notify, webauthn:extension:credBlob: true, webauthn:extension:largeBlob: true, webauthn:extension:minPinLength: true, webauthn:extension:prf: true, webauthn:virtualAuthenticators: true}
Element: [[ChromeDriver: chrome on WINDOWS (f3d2688929971c3cdcf814f9e1601052)] -> id: btnSiteGroupSiteListNewGroup]
Session ID: f3d2688929971c3cdcf814f9e1601052]]>
            </message>
            <full-stacktrace>
              <![CDATA[org.openqa.selenium.ElementClickInterceptedException: element click intercepted: Element <input type="button" name="SiteGroupSiteListNewGroup" value="New Group" id="btnSiteGroupSiteListNewGroup"> is not clickable at point (1005, 287). Other element would receive the click: <div class="mask" style="display: block;">...</div>
  (Session info: chrome=116.0.5845.180)
Build info: version: '4.8.0', revision: '267030adea'
System info: os.name: 'Windows 10', os.arch: 'amd64', os.version: '10.0', java.version: '17.0.6'
Driver info: org.openqa.selenium.chrome.ChromeDriver
Command: [f3d2688929971c3cdcf814f9e1601052, clickElement {id=C505A7924E92184EEF6A2604F7C3BF43_element_143}]
Capabilities {acceptInsecureCerts: false, browserName: chrome, browserVersion: 116.0.5845.180, chrome: {chromedriverVersion: 116.0.5845.96 (1a3918166880..., userDataDir: C:\Users\MUHAMM~1.MAN\AppDa...}, fedcm:accounts: true, goog:chromeOptions: {debuggerAddress: localhost:56301}, networkConnectionEnabled: false, pageLoadStrategy: normal, platformName: WINDOWS, proxy: Proxy(), se:cdp: ws://localhost:56301/devtoo..., se:cdpVersion: 116.0.5845.180, setWindowRect: true, strictFileInteractability: false, timeouts: {implicit: 0, pageLoad: 300000, script: 30000}, unhandledPromptBehavior: dismiss and notify, webauthn:extension:credBlob: true, webauthn:extension:largeBlob: true, webauthn:extension:minPinLength: true, webauthn:extension:prf: true, webauthn:virtualAuthenticators: true}
Element: [[ChromeDriver: chrome on WINDOWS (f3d2688929971c3cdcf814f9e1601052)] -> id: btnSiteGroupSiteListNewGroup]
Session ID: f3d2688929971c3cdcf814f9e1601052
at java.base/jdk.internal.reflect.NativeConstructorAccessorImpl.newInstance0(Native Method)
at java.base/jdk.internal.reflect.NativeConstructorAccessorImpl.newInstance(NativeConstructorAccessorImpl.java:77)
at java.base/jdk.internal.reflect.DelegatingConstructorAccessorImpl.newInstance(DelegatingConstructorAccessorImpl.java:45)
at java.base/java.lang.reflect.Constructor.newInstanceWithCaller(Constructor.java:499)
at java.base/java.lang.reflect.Constructor.newInstance(Constructor.java:480)
at org.openqa.selenium.remote.codec.w3c.W3CHttpResponseCodec.createException(W3CHttpResponseCodec.java:200)
at org.openqa.selenium.remote.codec.w3c.W3CHttpResponseCodec.decode(W3CHttpResponseCodec.java:133)
at org.openqa.selenium.remote.codec.w3c.W3CHttpResponseCodec.decode(W3CHttpResponseCodec.java:53)
at org.openqa.selenium.remote.HttpCommandExecutor.execute(HttpCommandExecutor.java:184)
at org.openqa.selenium.remote.service.DriverCommandExecutor.invokeExecute(DriverCommandExecutor.java:167)
at org.openqa.selenium.remote.service.DriverCommandExecutor.execute(DriverCommandExecutor.java:142)
at org.openqa.selenium.remote.RemoteWebDriver.execute(RemoteWebDriver.java:543)
at org.openqa.selenium.remote.RemoteWebElement.execute(RemoteWebElement.java:257)
at org.openqa.selenium.remote.RemoteWebElement.click(RemoteWebElement.java:78)
at jdk.internal.reflect.GeneratedMethodAccessor3.invoke(Unknown Source)
at java.base/jdk.internal.reflect.DelegatingMethodAccessorImpl.invoke(DelegatingMethodAccessorImpl.java:43)
at java.base/java.lang.reflect.Method.invoke(Method.java:568)
at org.openqa.selenium.support.pagefactory.internal.LocatingElementHandler.invoke(LocatingElementHandler.java:52)
at jdk.proxy2/jdk.proxy2.$Proxy16.click(Unknown Source)
at pages.cgp.pages.cgp.main.restriction.SiteGroupsPage.clickNewGroupShellSite(SiteGroupsPage.java:175)
at account.SiteGroups.Account_AddGroupShellSite(SiteGroups.java:34)
at java.base/jdk.internal.reflect.NativeMethodAccessorImpl.invoke0(Native Method)
at java.base/jdk.internal.reflect.NativeMethodAccessorImpl.invoke(NativeMethodAccessorImpl.java:77)
at java.base/jdk.internal.reflect.DelegatingMethodAccessorImpl.invoke(DelegatingMethodAccessorImpl.java:43)
at java.base/java.lang.reflect.Method.invoke(Method.java:568)
at org.testng.internal.invokers.MethodInvocationHelper.invokeMethod(MethodInvocationHelper.java:139)
at org.testng.internal.invokers.TestInvoker.invokeMethod(TestInvoker.java:677)
at org.testng.internal.invokers.TestInvoker.invokeTestMethod(TestInvoker.java:221)
at org.testng.internal.invokers.MethodRunner.runInSequence(MethodRunner.java:50)
at org.testng.internal.invokers.TestInvoker$MethodInvocationAgent.invoke(TestInvoker.java:969)
at org.testng.internal.invokers.TestInvoker.invokeTestMethods(TestInvoker.java:194)
at org.testng.internal.invokers.TestMethodWorker.invokeTestMethods(TestMethodWorker.java:148)
at org.testng.internal.invokers.TestMethodWorker.run(TestMethodWorker.java:128)
at java.base/java.util.ArrayList.forEach(ArrayList.java:1511)
at org.testng.TestRunner.privateRun(TestRunner.java:829)
at org.testng.TestRunner.run(TestRunner.java:602)
at org.testng.SuiteRunner.runTest(SuiteRunner.java:437)
at org.testng.SuiteRunner.runSequentially(SuiteRunner.java:431)
at org.testng.SuiteRunner.privateRun(SuiteRunner.java:391)
at org.testng.SuiteRunner.run(SuiteRunner.java:330)
at org.testng.SuiteRunnerWorker.runSuite(SuiteRunnerWorker.java:52)
at org.testng.SuiteRunnerWorker.run(SuiteRunnerWorker.java:95)
at org.testng.TestNG.runSuitesSequentially(TestNG.java:1256)
at org.testng.TestNG.runSuitesLocally(TestNG.java:1176)
at org.testng.TestNG.runSuites(TestNG.java:1099)
at org.testng.TestNG.run(TestNG.java:1067)
at org.testng.remote.AbstractRemoteTestNG.run(AbstractRemoteTestNG.java:115)
at org.testng.remote.RemoteTestNG.initAndRun(RemoteTestNG.java:251)
at org.testng.remote.RemoteTestNG.main(RemoteTestNG.java:77)
]]>
            </full-stacktrace>
          </exception> <!-- org.openqa.selenium.ElementClickInterceptedException -->
          <reporter-output>
          </reporter-output>
        </test-method> <!-- Account_AddGroupShellSite -->
        <test-method signature="Account_RemoveGroupShellSite()[pri:1, instance:account.SiteGroups@712625fd]" started-at="2023-09-08T18:02:01 SGT" name="Account_RemoveGroupShellSite" finished-at="2023-09-08T18:02:01 SGT" duration-ms="54" status="FAIL">
          <exception class="org.openqa.selenium.NoSuchElementException">
            <message>
              <![CDATA[Cannot locate option with text: a12345
For documentation on this error, please visit: https://selenium.dev/exceptions/#no_such_element
Build info: version: '4.8.0', revision: '267030adea'
System info: os.name: 'Windows 10', os.arch: 'amd64', os.version: '10.0', java.version: '17.0.6'
Driver info: driver.version: unknown]]>
            </message>
            <full-stacktrace>
              <![CDATA[org.openqa.selenium.NoSuchElementException: Cannot locate option with text: a12345
For documentation on this error, please visit: https://selenium.dev/exceptions/#no_such_element
Build info: version: '4.8.0', revision: '267030adea'
System info: os.name: 'Windows 10', os.arch: 'amd64', os.version: '10.0', java.version: '17.0.6'
Driver info: driver.version: unknown
at org.openqa.selenium.support.ui.Select.selectByVisibleText(Select.java:153)
at pages.cgp.pages.cgp.main.restriction.SiteGroupsPage.selectShellGroup(SiteGroupsPage.java:239)
at account.SiteGroups.Account_RemoveGroupShellSite(SiteGroups.java:49)
at java.base/jdk.internal.reflect.NativeMethodAccessorImpl.invoke0(Native Method)
at java.base/jdk.internal.reflect.NativeMethodAccessorImpl.invoke(NativeMethodAccessorImpl.java:77)
at java.base/jdk.internal.reflect.DelegatingMethodAccessorImpl.invoke(DelegatingMethodAccessorImpl.java:43)
at java.base/java.lang.reflect.Method.invoke(Method.java:568)
at org.testng.internal.invokers.MethodInvocationHelper.invokeMethod(MethodInvocationHelper.java:139)
at org.testng.internal.invokers.TestInvoker.invokeMethod(TestInvoker.java:677)
at org.testng.internal.invokers.TestInvoker.invokeTestMethod(TestInvoker.java:221)
at org.testng.internal.invokers.MethodRunner.runInSequence(MethodRunner.java:50)
at org.testng.internal.invokers.TestInvoker$MethodInvocationAgent.invoke(TestInvoker.java:969)
at org.testng.internal.invokers.TestInvoker.invokeTestMethods(TestInvoker.java:194)
at org.testng.internal.invokers.TestMethodWorker.invokeTestMethods(TestMethodWorker.java:148)
at org.testng.internal.invokers.TestMethodWorker.run(TestMethodWorker.java:128)
at java.base/java.util.ArrayList.forEach(ArrayList.java:1511)
at org.testng.TestRunner.privateRun(TestRunner.java:829)
at org.testng.TestRunner.run(TestRunner.java:602)
at org.testng.SuiteRunner.runTest(SuiteRunner.java:437)
at org.testng.SuiteRunner.runSequentially(SuiteRunner.java:431)
at org.testng.SuiteRunner.privateRun(SuiteRunner.java:391)
at org.testng.SuiteRunner.run(SuiteRunner.java:330)
at org.testng.SuiteRunnerWorker.runSuite(SuiteRunnerWorker.java:52)
at org.testng.SuiteRunnerWorker.run(SuiteRunnerWorker.java:95)
at org.testng.TestNG.runSuitesSequentially(TestNG.java:1256)
at org.testng.TestNG.runSuitesLocally(TestNG.java:1176)
at org.testng.TestNG.runSuites(TestNG.java:1099)
at org.testng.TestNG.run(TestNG.java:1067)
at org.testng.remote.AbstractRemoteTestNG.run(AbstractRemoteTestNG.java:115)
at org.testng.remote.RemoteTestNG.initAndRun(RemoteTestNG.java:251)
at org.testng.remote.RemoteTestNG.main(RemoteTestNG.java:77)
]]>
            </full-stacktrace>
          </exception> <!-- org.openqa.selenium.NoSuchElementException -->
          <reporter-output>
          </reporter-output>
        </test-method> <!-- Account_RemoveGroupShellSite -->
        <test-method signature="Account_DeleteGroupShellSite()[pri:3, instance:account.SiteGroups@712625fd]" started-at="2023-09-08T18:02:01 SGT" name="Account_DeleteGroupShellSite" finished-at="2023-09-08T18:02:01 SGT" duration-ms="40" status="FAIL">
          <exception class="org.openqa.selenium.NoSuchElementException">
            <message>
              <![CDATA[Cannot locate option with text: a12345
For documentation on this error, please visit: https://selenium.dev/exceptions/#no_such_element
Build info: version: '4.8.0', revision: '267030adea'
System info: os.name: 'Windows 10', os.arch: 'amd64', os.version: '10.0', java.version: '17.0.6'
Driver info: driver.version: unknown]]>
            </message>
            <full-stacktrace>
              <![CDATA[org.openqa.selenium.NoSuchElementException: Cannot locate option with text: a12345
For documentation on this error, please visit: https://selenium.dev/exceptions/#no_such_element
Build info: version: '4.8.0', revision: '267030adea'
System info: os.name: 'Windows 10', os.arch: 'amd64', os.version: '10.0', java.version: '17.0.6'
Driver info: driver.version: unknown
at org.openqa.selenium.support.ui.Select.selectByVisibleText(Select.java:153)
at pages.cgp.pages.cgp.main.restriction.SiteGroupsPage.selectSiteGroup(SiteGroupsPage.java:217)
at account.SiteGroups.Account_DeleteGroupShellSite(SiteGroups.java:73)
at java.base/jdk.internal.reflect.NativeMethodAccessorImpl.invoke0(Native Method)
at java.base/jdk.internal.reflect.NativeMethodAccessorImpl.invoke(NativeMethodAccessorImpl.java:77)
at java.base/jdk.internal.reflect.DelegatingMethodAccessorImpl.invoke(DelegatingMethodAccessorImpl.java:43)
at java.base/java.lang.reflect.Method.invoke(Method.java:568)
at org.testng.internal.invokers.MethodInvocationHelper.invokeMethod(MethodInvocationHelper.java:139)
at org.testng.internal.invokers.TestInvoker.invokeMethod(TestInvoker.java:677)
at org.testng.internal.invokers.TestInvoker.invokeTestMethod(TestInvoker.java:221)
at org.testng.internal.invokers.MethodRunner.runInSequence(MethodRunner.java:50)
at org.testng.internal.invokers.TestInvoker$MethodInvocationAgent.invoke(TestInvoker.java:969)
at org.testng.internal.invokers.TestInvoker.invokeTestMethods(TestInvoker.java:194)
at org.testng.internal.invokers.TestMethodWorker.invokeTestMethods(TestMethodWorker.java:148)
at org.testng.internal.invokers.TestMethodWorker.run(TestMethodWorker.java:128)
at java.base/java.util.ArrayList.forEach(ArrayList.java:1511)
at org.testng.TestRunner.privateRun(TestRunner.java:829)
at org.testng.TestRunner.run(TestRunner.java:602)
at org.testng.SuiteRunner.runTest(SuiteRunner.java:437)
at org.testng.SuiteRunner.runSequentially(SuiteRunner.java:431)
at org.testng.SuiteRunner.privateRun(SuiteRunner.java:391)
at org.testng.SuiteRunner.run(SuiteRunner.java:330)
at org.testng.SuiteRunnerWorker.runSuite(SuiteRunnerWorker.java:52)
at org.testng.SuiteRunnerWorker.run(SuiteRunnerWorker.java:95)
at org.testng.TestNG.runSuitesSequentially(TestNG.java:1256)
at org.testng.TestNG.runSuitesLocally(TestNG.java:1176)
at org.testng.TestNG.runSuites(TestNG.java:1099)
at org.testng.TestNG.run(TestNG.java:1067)
at org.testng.remote.AbstractRemoteTestNG.run(AbstractRemoteTestNG.java:115)
at org.testng.remote.RemoteTestNG.initAndRun(RemoteTestNG.java:251)
at org.testng.remote.RemoteTestNG.main(RemoteTestNG.java:77)
]]>
            </full-stacktrace>
          </exception> <!-- org.openqa.selenium.NoSuchElementException -->
          <reporter-output>
          </reporter-output>
        </test-method> <!-- Account_DeleteGroupShellSite -->
        <test-method signature="Account_Add3rdPartySiteGroup()[pri:4, instance:account.SiteGroups@712625fd]" started-at="2023-09-08T18:02:01 SGT" name="Account_Add3rdPartySiteGroup" finished-at="2023-09-08T18:02:02 SGT" duration-ms="1110" status="FAIL">
          <exception class="org.openqa.selenium.ElementClickInterceptedException">
            <message>
              <![CDATA[element click intercepted: Element <input type="button" name="ThirdPartySiteGroupSiteListNewGroup" value="New Group" id="btnThirdPartySiteGroupSiteListNewGroup"> is not clickable at point (1010, 401). Other element would receive the click: <div class="mask" style="display: block;">...</div>
  (Session info: chrome=116.0.5845.180)
Build info: version: '4.8.0', revision: '267030adea'
System info: os.name: 'Windows 10', os.arch: 'amd64', os.version: '10.0', java.version: '17.0.6'
Driver info: org.openqa.selenium.chrome.ChromeDriver
Command: [f3d2688929971c3cdcf814f9e1601052, clickElement {id=C505A7924E92184EEF6A2604F7C3BF43_element_147}]
Capabilities {acceptInsecureCerts: false, browserName: chrome, browserVersion: 116.0.5845.180, chrome: {chromedriverVersion: 116.0.5845.96 (1a3918166880..., userDataDir: C:\Users\MUHAMM~1.MAN\AppDa...}, fedcm:accounts: true, goog:chromeOptions: {debuggerAddress: localhost:56301}, networkConnectionEnabled: false, pageLoadStrategy: normal, platformName: WINDOWS, proxy: Proxy(), se:cdp: ws://localhost:56301/devtoo..., se:cdpVersion: 116.0.5845.180, setWindowRect: true, strictFileInteractability: false, timeouts: {implicit: 0, pageLoad: 300000, script: 30000}, unhandledPromptBehavior: dismiss and notify, webauthn:extension:credBlob: true, webauthn:extension:largeBlob: true, webauthn:extension:minPinLength: true, webauthn:extension:prf: true, webauthn:virtualAuthenticators: true}
Element: [[ChromeDriver: chrome on WINDOWS (f3d2688929971c3cdcf814f9e1601052)] -> id: btnThirdPartySiteGroupSiteListNewGroup]
Session ID: f3d2688929971c3cdcf814f9e1601052]]>
            </message>
            <full-stacktrace>
              <![CDATA[org.openqa.selenium.ElementClickInterceptedException: element click intercepted: Element <input type="button" name="ThirdPartySiteGroupSiteListNewGroup" value="New Group" id="btnThirdPartySiteGroupSiteListNewGroup"> is not clickable at point (1010, 401). Other element would receive the click: <div class="mask" style="display: block;">...</div>
  (Session info: chrome=116.0.5845.180)
Build info: version: '4.8.0', revision: '267030adea'
System info: os.name: 'Windows 10', os.arch: 'amd64', os.version: '10.0', java.version: '17.0.6'
Driver info: org.openqa.selenium.chrome.ChromeDriver
Command: [f3d2688929971c3cdcf814f9e1601052, clickElement {id=C505A7924E92184EEF6A2604F7C3BF43_element_147}]
Capabilities {acceptInsecureCerts: false, browserName: chrome, browserVersion: 116.0.5845.180, chrome: {chromedriverVersion: 116.0.5845.96 (1a3918166880..., userDataDir: C:\Users\MUHAMM~1.MAN\AppDa...}, fedcm:accounts: true, goog:chromeOptions: {debuggerAddress: localhost:56301}, networkConnectionEnabled: false, pageLoadStrategy: normal, platformName: WINDOWS, proxy: Proxy(), se:cdp: ws://localhost:56301/devtoo..., se:cdpVersion: 116.0.5845.180, setWindowRect: true, strictFileInteractability: false, timeouts: {implicit: 0, pageLoad: 300000, script: 30000}, unhandledPromptBehavior: dismiss and notify, webauthn:extension:credBlob: true, webauthn:extension:largeBlob: true, webauthn:extension:minPinLength: true, webauthn:extension:prf: true, webauthn:virtualAuthenticators: true}
Element: [[ChromeDriver: chrome on WINDOWS (f3d2688929971c3cdcf814f9e1601052)] -> id: btnThirdPartySiteGroupSiteListNewGroup]
Session ID: f3d2688929971c3cdcf814f9e1601052
at java.base/jdk.internal.reflect.NativeConstructorAccessorImpl.newInstance0(Native Method)
at java.base/jdk.internal.reflect.NativeConstructorAccessorImpl.newInstance(NativeConstructorAccessorImpl.java:77)
at java.base/jdk.internal.reflect.DelegatingConstructorAccessorImpl.newInstance(DelegatingConstructorAccessorImpl.java:45)
at java.base/java.lang.reflect.Constructor.newInstanceWithCaller(Constructor.java:499)
at java.base/java.lang.reflect.Constructor.newInstance(Constructor.java:480)
at org.openqa.selenium.remote.codec.w3c.W3CHttpResponseCodec.createException(W3CHttpResponseCodec.java:200)
at org.openqa.selenium.remote.codec.w3c.W3CHttpResponseCodec.decode(W3CHttpResponseCodec.java:133)
at org.openqa.selenium.remote.codec.w3c.W3CHttpResponseCodec.decode(W3CHttpResponseCodec.java:53)
at org.openqa.selenium.remote.HttpCommandExecutor.execute(HttpCommandExecutor.java:184)
at org.openqa.selenium.remote.service.DriverCommandExecutor.invokeExecute(DriverCommandExecutor.java:167)
at org.openqa.selenium.remote.service.DriverCommandExecutor.execute(DriverCommandExecutor.java:142)
at org.openqa.selenium.remote.RemoteWebDriver.execute(RemoteWebDriver.java:543)
at org.openqa.selenium.remote.RemoteWebElement.execute(RemoteWebElement.java:257)
at org.openqa.selenium.remote.RemoteWebElement.click(RemoteWebElement.java:78)
at jdk.internal.reflect.GeneratedMethodAccessor3.invoke(Unknown Source)
at java.base/jdk.internal.reflect.DelegatingMethodAccessorImpl.invoke(DelegatingMethodAccessorImpl.java:43)
at java.base/java.lang.reflect.Method.invoke(Method.java:568)
at org.openqa.selenium.support.pagefactory.internal.LocatingElementHandler.invoke(LocatingElementHandler.java:52)
at jdk.proxy2/jdk.proxy2.$Proxy16.click(Unknown Source)
at pages.cgp.pages.cgp.main.restriction.SiteGroupsPage.clickNewGroup3rdPartySiteGroup(SiteGroupsPage.java:180)
at account.SiteGroups.Account_Add3rdPartySiteGroup(SiteGroups.java:93)
at java.base/jdk.internal.reflect.NativeMethodAccessorImpl.invoke0(Native Method)
at java.base/jdk.internal.reflect.NativeMethodAccessorImpl.invoke(NativeMethodAccessorImpl.java:77)
at java.base/jdk.internal.reflect.DelegatingMethodAccessorImpl.invoke(DelegatingMethodAccessorImpl.java:43)
at java.base/java.lang.reflect.Method.invoke(Method.java:568)
at org.testng.internal.invokers.MethodInvocationHelper.invokeMethod(MethodInvocationHelper.java:139)
at org.testng.internal.invokers.TestInvoker.invokeMethod(TestInvoker.java:677)
at org.testng.internal.invokers.TestInvoker.invokeTestMethod(TestInvoker.java:221)
at org.testng.internal.invokers.MethodRunner.runInSequence(MethodRunner.java:50)
at org.testng.internal.invokers.TestInvoker$MethodInvocationAgent.invoke(TestInvoker.java:969)
at org.testng.internal.invokers.TestInvoker.invokeTestMethods(TestInvoker.java:194)
at org.testng.internal.invokers.TestMethodWorker.invokeTestMethods(TestMethodWorker.java:148)
at org.testng.internal.invokers.TestMethodWorker.run(TestMethodWorker.java:128)
at java.base/java.util.ArrayList.forEach(ArrayList.java:1511)
at org.testng.TestRunner.privateRun(TestRunner.java:829)
at org.testng.TestRunner.run(TestRunner.java:602)
at org.testng.SuiteRunner.runTest(SuiteRunner.java:437)
at org.testng.SuiteRunner.runSequentially(SuiteRunner.java:431)
at org.testng.SuiteRunner.privateRun(SuiteRunner.java:391)
at org.testng.SuiteRunner.run(SuiteRunner.java:330)
at org.testng.SuiteRunnerWorker.runSuite(SuiteRunnerWorker.java:52)
at org.testng.SuiteRunnerWorker.run(SuiteRunnerWorker.java:95)
at org.testng.TestNG.runSuitesSequentially(TestNG.java:1256)
at org.testng.TestNG.runSuitesLocally(TestNG.java:1176)
at org.testng.TestNG.runSuites(TestNG.java:1099)
at org.testng.TestNG.run(TestNG.java:1067)
at org.testng.remote.AbstractRemoteTestNG.run(AbstractRemoteTestNG.java:115)
at org.testng.remote.RemoteTestNG.initAndRun(RemoteTestNG.java:251)
at org.testng.remote.RemoteTestNG.main(RemoteTestNG.java:77)
]]>
            </full-stacktrace>
          </exception> <!-- org.openqa.selenium.ElementClickInterceptedException -->
          <reporter-output>
          </reporter-output>
        </test-method> <!-- Account_Add3rdPartySiteGroup -->
        <test-method signature="Account_Remove3rdPartySiteGroup()[pri:5, instance:account.SiteGroups@712625fd]" started-at="2023-09-08T18:02:02 SGT" name="Account_Remove3rdPartySiteGroup" finished-at="2023-09-08T18:02:02 SGT" duration-ms="46" status="FAIL">
          <exception class="org.openqa.selenium.NoSuchElementException">
            <message>
              <![CDATA[Cannot locate option with text: a12345
For documentation on this error, please visit: https://selenium.dev/exceptions/#no_such_element
Build info: version: '4.8.0', revision: '267030adea'
System info: os.name: 'Windows 10', os.arch: 'amd64', os.version: '10.0', java.version: '17.0.6'
Driver info: driver.version: unknown]]>
            </message>
            <full-stacktrace>
              <![CDATA[org.openqa.selenium.NoSuchElementException: Cannot locate option with text: a12345
For documentation on this error, please visit: https://selenium.dev/exceptions/#no_such_element
Build info: version: '4.8.0', revision: '267030adea'
System info: os.name: 'Windows 10', os.arch: 'amd64', os.version: '10.0', java.version: '17.0.6'
Driver info: driver.version: unknown
at org.openqa.selenium.support.ui.Select.selectByVisibleText(Select.java:153)
at pages.cgp.pages.cgp.main.restriction.SiteGroupsPage.select3rdPartySiteGroup(SiteGroupsPage.java:228)
at account.SiteGroups.Account_Remove3rdPartySiteGroup(SiteGroups.java:110)
at java.base/jdk.internal.reflect.NativeMethodAccessorImpl.invoke0(Native Method)
at java.base/jdk.internal.reflect.NativeMethodAccessorImpl.invoke(NativeMethodAccessorImpl.java:77)
at java.base/jdk.internal.reflect.DelegatingMethodAccessorImpl.invoke(DelegatingMethodAccessorImpl.java:43)
at java.base/java.lang.reflect.Method.invoke(Method.java:568)
at org.testng.internal.invokers.MethodInvocationHelper.invokeMethod(MethodInvocationHelper.java:139)
at org.testng.internal.invokers.TestInvoker.invokeMethod(TestInvoker.java:677)
at org.testng.internal.invokers.TestInvoker.invokeTestMethod(TestInvoker.java:221)
at org.testng.internal.invokers.MethodRunner.runInSequence(MethodRunner.java:50)
at org.testng.internal.invokers.TestInvoker$MethodInvocationAgent.invoke(TestInvoker.java:969)
at org.testng.internal.invokers.TestInvoker.invokeTestMethods(TestInvoker.java:194)
at org.testng.internal.invokers.TestMethodWorker.invokeTestMethods(TestMethodWorker.java:148)
at org.testng.internal.invokers.TestMethodWorker.run(TestMethodWorker.java:128)
at java.base/java.util.ArrayList.forEach(ArrayList.java:1511)
at org.testng.TestRunner.privateRun(TestRunner.java:829)
at org.testng.TestRunner.run(TestRunner.java:602)
at org.testng.SuiteRunner.runTest(SuiteRunner.java:437)
at org.testng.SuiteRunner.runSequentially(SuiteRunner.java:431)
at org.testng.SuiteRunner.privateRun(SuiteRunner.java:391)
at org.testng.SuiteRunner.run(SuiteRunner.java:330)
at org.testng.SuiteRunnerWorker.runSuite(SuiteRunnerWorker.java:52)
at org.testng.SuiteRunnerWorker.run(SuiteRunnerWorker.java:95)
at org.testng.TestNG.runSuitesSequentially(TestNG.java:1256)
at org.testng.TestNG.runSuitesLocally(TestNG.java:1176)
at org.testng.TestNG.runSuites(TestNG.java:1099)
at org.testng.TestNG.run(TestNG.java:1067)
at org.testng.remote.AbstractRemoteTestNG.run(AbstractRemoteTestNG.java:115)
at org.testng.remote.RemoteTestNG.initAndRun(RemoteTestNG.java:251)
at org.testng.remote.RemoteTestNG.main(RemoteTestNG.java:77)
]]>
            </full-stacktrace>
          </exception> <!-- org.openqa.selenium.NoSuchElementException -->
          <reporter-output>
          </reporter-output>
        </test-method> <!-- Account_Remove3rdPartySiteGroup -->
        <test-method signature="Account_Delete3rdPartySite()[pri:6, instance:account.SiteGroups@712625fd]" started-at="2023-09-08T18:02:02 SGT" name="Account_Delete3rdPartySite" finished-at="2023-09-08T18:02:02 SGT" duration-ms="39" status="FAIL">
          <exception class="org.openqa.selenium.NoSuchElementException">
            <message>
              <![CDATA[Cannot locate option with text: a12345
For documentation on this error, please visit: https://selenium.dev/exceptions/#no_such_element
Build info: version: '4.8.0', revision: '267030adea'
System info: os.name: 'Windows 10', os.arch: 'amd64', os.version: '10.0', java.version: '17.0.6'
Driver info: driver.version: unknown]]>
            </message>
            <full-stacktrace>
              <![CDATA[org.openqa.selenium.NoSuchElementException: Cannot locate option with text: a12345
For documentation on this error, please visit: https://selenium.dev/exceptions/#no_such_element
Build info: version: '4.8.0', revision: '267030adea'
System info: os.name: 'Windows 10', os.arch: 'amd64', os.version: '10.0', java.version: '17.0.6'
Driver info: driver.version: unknown
at org.openqa.selenium.support.ui.Select.selectByVisibleText(Select.java:153)
at pages.cgp.pages.cgp.main.restriction.SiteGroupsPage.select3rdPartySiteGroup(SiteGroupsPage.java:228)
at account.SiteGroups.Account_Delete3rdPartySite(SiteGroups.java:126)
at java.base/jdk.internal.reflect.NativeMethodAccessorImpl.invoke0(Native Method)
at java.base/jdk.internal.reflect.NativeMethodAccessorImpl.invoke(NativeMethodAccessorImpl.java:77)
at java.base/jdk.internal.reflect.DelegatingMethodAccessorImpl.invoke(DelegatingMethodAccessorImpl.java:43)
at java.base/java.lang.reflect.Method.invoke(Method.java:568)
at org.testng.internal.invokers.MethodInvocationHelper.invokeMethod(MethodInvocationHelper.java:139)
at org.testng.internal.invokers.TestInvoker.invokeMethod(TestInvoker.java:677)
at org.testng.internal.invokers.TestInvoker.invokeTestMethod(TestInvoker.java:221)
at org.testng.internal.invokers.MethodRunner.runInSequence(MethodRunner.java:50)
at org.testng.internal.invokers.TestInvoker$MethodInvocationAgent.invoke(TestInvoker.java:969)
at org.testng.internal.invokers.TestInvoker.invokeTestMethods(TestInvoker.java:194)
at org.testng.internal.invokers.TestMethodWorker.invokeTestMethods(TestMethodWorker.java:148)
at org.testng.internal.invokers.TestMethodWorker.run(TestMethodWorker.java:128)
at java.base/java.util.ArrayList.forEach(ArrayList.java:1511)
at org.testng.TestRunner.privateRun(TestRunner.java:829)
at org.testng.TestRunner.run(TestRunner.java:602)
at org.testng.SuiteRunner.runTest(SuiteRunner.java:437)
at org.testng.SuiteRunner.runSequentially(SuiteRunner.java:431)
at org.testng.SuiteRunner.privateRun(SuiteRunner.java:391)
at org.testng.SuiteRunner.run(SuiteRunner.java:330)
at org.testng.SuiteRunnerWorker.runSuite(SuiteRunnerWorker.java:52)
at org.testng.SuiteRunnerWorker.run(SuiteRunnerWorker.java:95)
at org.testng.TestNG.runSuitesSequentially(TestNG.java:1256)
at org.testng.TestNG.runSuitesLocally(TestNG.java:1176)
at org.testng.TestNG.runSuites(TestNG.java:1099)
at org.testng.TestNG.run(TestNG.java:1067)
at org.testng.remote.AbstractRemoteTestNG.run(AbstractRemoteTestNG.java:115)
at org.testng.remote.RemoteTestNG.initAndRun(RemoteTestNG.java:251)
at org.testng.remote.RemoteTestNG.main(RemoteTestNG.java:77)
]]>
            </full-stacktrace>
          </exception> <!-- org.openqa.selenium.NoSuchElementException -->
          <reporter-output>
          </reporter-output>
        </test-method> <!-- Account_Delete3rdPartySite -->
        <test-method is-config="true" signature="quit()[pri:0, instance:account.SiteGroups@712625fd]" started-at="2023-09-08T18:02:02 SGT" name="quit" finished-at="2023-09-08T18:02:03 SGT" duration-ms="288" status="PASS">
          <reporter-output>
          </reporter-output>
        </test-method> <!-- quit -->
      </class> <!-- account.SiteGroups -->
    </test> <!-- account.SiteGroups -->
    <test started-at="2023-09-08T18:02:03 SGT" name="account.SpecialMessage" finished-at="2023-09-08T18:02:41 SGT" duration-ms="38573">
      <class name="account.SpecialMessage">
        <test-method is-config="true" signature="setUp()[pri:0, instance:account.SpecialMessage@4c60d6e9]" started-at="2023-09-08T18:02:03 SGT" name="setUp" finished-at="2023-09-08T18:02:34 SGT" duration-ms="31659" status="PASS">
          <reporter-output>
          </reporter-output>
        </test-method> <!-- setUp -->
        <test-method signature="Account_CreateSpecialMessagesPage()[pri:0, instance:account.SpecialMessage@4c60d6e9]" started-at="2023-09-08T18:02:34 SGT" name="Account_CreateSpecialMessagesPage" finished-at="2023-09-08T18:02:38 SGT" duration-ms="3780" status="PASS">
          <reporter-output>
          </reporter-output>
        </test-method> <!-- Account_CreateSpecialMessagesPage -->
        <test-method signature="Account_EditSpecialMessagesPage()[pri:1, instance:account.SpecialMessage@4c60d6e9]" started-at="2023-09-08T18:02:38 SGT" name="Account_EditSpecialMessagesPage" finished-at="2023-09-08T18:02:40 SGT" duration-ms="1710" status="PASS">
          <reporter-output>
          </reporter-output>
        </test-method> <!-- Account_EditSpecialMessagesPage -->
        <test-method signature="Account_DeleteSpecialMessagesPage()[pri:2, instance:account.SpecialMessage@4c60d6e9]" started-at="2023-09-08T18:02:40 SGT" name="Account_DeleteSpecialMessagesPage" finished-at="2023-09-08T18:02:41 SGT" duration-ms="1115" status="PASS">
          <reporter-output>
          </reporter-output>
        </test-method> <!-- Account_DeleteSpecialMessagesPage -->
        <test-method is-config="true" signature="quit()[pri:0, instance:account.SpecialMessage@4c60d6e9]" started-at="2023-09-08T18:02:41 SGT" name="quit" finished-at="2023-09-08T18:02:41 SGT" duration-ms="304" status="PASS">
          <reporter-output>
          </reporter-output>
        </test-method> <!-- quit -->
      </class> <!-- account.SpecialMessage -->
    </test> <!-- account.SpecialMessage -->
    <test started-at="2023-09-08T18:02:41 SGT" name="account.Velocity" finished-at="2023-09-08T18:03:26 SGT" duration-ms="45027">
      <class name="account.Velocity">
        <test-method is-config="true" signature="setUp()[pri:0, instance:account.Velocity@8519cb4]" started-at="2023-09-08T18:02:41 SGT" name="setUp" finished-at="2023-09-08T18:03:20 SGT" duration-ms="38532" status="PASS">
          <reporter-output>
          </reporter-output>
        </test-method> <!-- setUp -->
        <test-method signature="Account_NewVelocity()[pri:0, instance:account.Velocity@8519cb4]" started-at="2023-09-08T18:03:20 SGT" name="Account_NewVelocity" finished-at="2023-09-08T18:03:24 SGT" duration-ms="4572" status="PASS">
          <reporter-output>
          </reporter-output>
        </test-method> <!-- Account_NewVelocity -->
        <test-method signature="Account_DeleteVelocity()[pri:1, instance:account.Velocity@8519cb4]" started-at="2023-09-08T18:03:24 SGT" name="Account_DeleteVelocity" finished-at="2023-09-08T18:03:26 SGT" duration-ms="1660" status="PASS">
          <reporter-output>
          </reporter-output>
        </test-method> <!-- Account_DeleteVelocity -->
        <test-method is-config="true" signature="quit()[pri:0, instance:account.Velocity@8519cb4]" started-at="2023-09-08T18:03:26 SGT" name="quit" finished-at="2023-09-08T18:03:26 SGT" duration-ms="261" status="PASS">
          <reporter-output>
          </reporter-output>
        </test-method> <!-- quit -->
      </class> <!-- account.Velocity -->
    </test> <!-- account.Velocity -->
    <test started-at="2023-09-08T18:03:26 SGT" name="card.Card" finished-at="2023-09-08T18:03:58 SGT" duration-ms="31795">
      <class name="card.Card">
        <test-method is-config="true" signature="setUp()[pri:0, instance:card.Card@72035809]" started-at="2023-09-08T18:03:26 SGT" name="setUp" finished-at="2023-09-08T18:03:53 SGT" duration-ms="27256" status="PASS">
          <reporter-output>
          </reporter-output>
        </test-method> <!-- setUp -->
        <test-method signature="Card_CardBlockUnBlock()[pri:0, instance:card.Card@72035809]" started-at="2023-09-08T18:03:53 SGT" name="Card_CardBlockUnBlock" finished-at="2023-09-08T18:03:55 SGT" duration-ms="1836" status="PASS">
          <reporter-output>
          </reporter-output>
        </test-method> <!-- Card_CardBlockUnBlock -->
        <test-method signature="Card_SystematicAlert()[pri:1, instance:card.Card@72035809]" started-at="2023-09-08T18:03:55 SGT" name="Card_SystematicAlert" finished-at="2023-09-08T18:03:58 SGT" duration-ms="2340" status="PASS">
          <reporter-output>
          </reporter-output>
        </test-method> <!-- Card_SystematicAlert -->
        <test-method is-config="true" signature="quit()[pri:0, instance:card.Card@72035809]" started-at="2023-09-08T18:03:58 SGT" name="quit" finished-at="2023-09-08T18:03:58 SGT" duration-ms="361" status="PASS">
          <reporter-output>
          </reporter-output>
        </test-method> <!-- quit -->
      </class> <!-- card.Card -->
    </test> <!-- card.Card -->
    <test started-at="2023-09-08T18:03:58 SGT" name="card.DayTime" finished-at="2023-09-08T18:04:39 SGT" duration-ms="41104">
      <class name="card.DayTime">
        <test-method is-config="true" signature="setUp()[pri:0, instance:card.DayTime@645aa696]" started-at="2023-09-08T18:03:58 SGT" name="setUp" finished-at="2023-09-08T18:04:29 SGT" duration-ms="31339" status="PASS">
          <reporter-output>
          </reporter-output>
        </test-method> <!-- setUp -->
        <test-method signature="Card_CreateDayTimeCurrent()[pri:0, instance:card.DayTime@645aa696]" started-at="2023-09-08T18:04:29 SGT" name="Card_CreateDayTimeCurrent" finished-at="2023-09-08T18:04:32 SGT" duration-ms="2204" status="PASS">
          <reporter-output>
          </reporter-output>
        </test-method> <!-- Card_CreateDayTimeCurrent -->
        <test-method signature="Card_EditDayTimeCurrent()[pri:1, instance:card.DayTime@645aa696]" started-at="2023-09-08T18:04:32 SGT" name="Card_EditDayTimeCurrent" finished-at="2023-09-08T18:04:32 SGT" duration-ms="693" status="PASS">
          <reporter-output>
          </reporter-output>
        </test-method> <!-- Card_EditDayTimeCurrent -->
        <test-method signature="Card_CreateDayTimeFuture()[pri:2, instance:card.DayTime@645aa696]" started-at="2023-09-08T18:04:32 SGT" name="Card_CreateDayTimeFuture" finished-at="2023-09-08T18:04:35 SGT" duration-ms="2926" status="PASS">
          <reporter-output>
          </reporter-output>
        </test-method> <!-- Card_CreateDayTimeFuture -->
        <test-method signature="Card_EditDayTimeFuture()[pri:3, instance:card.DayTime@645aa696]" started-at="2023-09-08T18:04:35 SGT" name="Card_EditDayTimeFuture" finished-at="2023-09-08T18:04:38 SGT" duration-ms="2430" status="PASS">
          <reporter-output>
          </reporter-output>
        </test-method> <!-- Card_EditDayTimeFuture -->
        <test-method signature="Card_DeleteDayTime()[pri:5, instance:card.DayTime@645aa696]" started-at="2023-09-08T18:04:38 SGT" name="Card_DeleteDayTime" finished-at="2023-09-08T18:04:39 SGT" duration-ms="1202" status="PASS">
          <reporter-output>
          </reporter-output>
        </test-method> <!-- Card_DeleteDayTime -->
        <test-method is-config="true" signature="quit()[pri:0, instance:card.DayTime@645aa696]" started-at="2023-09-08T18:04:39 SGT" name="quit" finished-at="2023-09-08T18:04:39 SGT" duration-ms="305" status="PASS">
          <reporter-output>
          </reporter-output>
        </test-method> <!-- quit -->
      </class> <!-- card.DayTime -->
    </test> <!-- card.DayTime -->
    <test started-at="2023-09-08T18:04:39 SGT" name="card.FleetId" finished-at="2023-09-08T18:05:12 SGT" duration-ms="33221">
      <class name="card.FleetId">
        <test-method is-config="true" signature="setUp()[pri:0, instance:card.FleetId@5032714f]" started-at="2023-09-08T18:04:39 SGT" name="setUp" finished-at="2023-09-08T18:05:10 SGT" duration-ms="31082" status="PASS">
          <reporter-output>
          </reporter-output>
        </test-method> <!-- setUp -->
        <test-method signature="Card_AddFleetID()[pri:0, instance:card.FleetId@5032714f]" started-at="2023-09-08T18:05:10 SGT" name="Card_AddFleetID" finished-at="2023-09-08T18:05:12 SGT" duration-ms="1395" status="PASS">
          <reporter-output>
          </reporter-output>
        </test-method> <!-- Card_AddFleetID -->
        <test-method signature="Card_ExportFleetID()[pri:0, instance:card.FleetId@5032714f]" started-at="2023-09-08T18:05:12 SGT" name="Card_ExportFleetID" finished-at="2023-09-08T18:05:12 SGT" duration-ms="488" status="PASS">
          <reporter-output>
          </reporter-output>
        </test-method> <!-- Card_ExportFleetID -->
        <test-method is-config="true" signature="quit()[pri:0, instance:card.FleetId@5032714f]" started-at="2023-09-08T18:05:12 SGT" name="quit" finished-at="2023-09-08T18:05:12 SGT" duration-ms="254" status="PASS">
          <reporter-output>
          </reporter-output>
        </test-method> <!-- quit -->
      </class> <!-- card.FleetId -->
    </test> <!-- card.FleetId -->
    <test started-at="2023-09-08T18:05:12 SGT" name="card.History" finished-at="2023-09-08T18:05:41 SGT" duration-ms="28367">
      <class name="card.History">
        <test-method is-config="true" signature="setUp()[pri:0, instance:card.History@710c2b53]" started-at="2023-09-08T18:05:12 SGT" name="setUp" finished-at="2023-09-08T18:05:40 SGT" duration-ms="28051" status="PASS">
          <reporter-output>
          </reporter-output>
        </test-method> <!-- setUp -->
        <test-method is-config="true" signature="quit()[pri:0, instance:card.History@710c2b53]" started-at="2023-09-08T18:05:40 SGT" name="quit" finished-at="2023-09-08T18:05:41 SGT" duration-ms="314" status="PASS">
          <reporter-output>
          </reporter-output>
        </test-method> <!-- quit -->
      </class> <!-- card.History -->
    </test> <!-- card.History -->
    <test started-at="2023-09-08T18:05:41 SGT" name="card.Location" finished-at="2023-09-08T18:06:24 SGT" duration-ms="42942">
      <class name="card.Location">
        <test-method is-config="true" signature="setUp()[pri:0, instance:card.Location@5890e879]" started-at="2023-09-08T18:05:41 SGT" name="setUp" finished-at="2023-09-08T18:06:08 SGT" duration-ms="27422" status="PASS">
          <reporter-output>
          </reporter-output>
        </test-method> <!-- setUp -->
        <test-method signature="Card_CreateCurrentLocation()[pri:0, instance:card.Location@5890e879]" started-at="2023-09-08T18:06:08 SGT" name="Card_CreateCurrentLocation" finished-at="2023-09-08T18:06:14 SGT" duration-ms="6369" status="PASS">
          <reporter-output>
          </reporter-output>
        </test-method> <!-- Card_CreateCurrentLocation -->
        <test-method signature="Card_EditCurrentLocation()[pri:2, instance:card.Location@5890e879]" started-at="2023-09-08T18:06:14 SGT" name="Card_EditCurrentLocation" finished-at="2023-09-08T18:06:15 SGT" duration-ms="709" status="PASS">
          <reporter-output>
          </reporter-output>
        </test-method> <!-- Card_EditCurrentLocation -->
        <test-method signature="Card_CreateFutureLocation()[pri:3, instance:card.Location@5890e879]" started-at="2023-09-08T18:06:15 SGT" name="Card_CreateFutureLocation" finished-at="2023-09-08T18:06:19 SGT" duration-ms="3840" status="PASS">
          <reporter-output>
          </reporter-output>
        </test-method> <!-- Card_CreateFutureLocation -->
        <test-method signature="Card_EditFutureLocation()[pri:4, instance:card.Location@5890e879]" started-at="2023-09-08T18:06:19 SGT" name="Card_EditFutureLocation" finished-at="2023-09-08T18:06:22 SGT" duration-ms="3096" status="PASS">
          <reporter-output>
          </reporter-output>
        </test-method> <!-- Card_EditFutureLocation -->
        <test-method signature="Card_DeleteFutureLocation()[pri:6, instance:card.Location@5890e879]" started-at="2023-09-08T18:06:22 SGT" name="Card_DeleteFutureLocation" finished-at="2023-09-08T18:06:23 SGT" duration-ms="607" status="PASS">
          <reporter-output>
          </reporter-output>
        </test-method> <!-- Card_DeleteFutureLocation -->
        <test-method signature="Card_DeleteCurrentLocation()[pri:7, instance:card.Location@5890e879]" started-at="2023-09-08T18:06:23 SGT" name="Card_DeleteCurrentLocation" finished-at="2023-09-08T18:06:23 SGT" duration-ms="586" status="PASS">
          <reporter-output>
          </reporter-output>
        </test-method> <!-- Card_DeleteCurrentLocation -->
        <test-method is-config="true" signature="quit()[pri:0, instance:card.Location@5890e879]" started-at="2023-09-08T18:06:23 SGT" name="quit" finished-at="2023-09-08T18:06:24 SGT" duration-ms="312" status="PASS">
          <reporter-output>
          </reporter-output>
        </test-method> <!-- quit -->
      </class> <!-- card.Location -->
    </test> <!-- card.Location -->
    <test started-at="2023-09-08T18:06:24 SGT" name="card.MobilePay" finished-at="2023-09-08T18:07:14 SGT" duration-ms="50704">
      <class name="card.MobilePay">
        <test-method is-config="true" signature="setUp()[pri:0, instance:card.MobilePay@2b40ff9c]" started-at="2023-09-08T18:06:24 SGT" name="setUp" finished-at="2023-09-08T18:07:03 SGT" duration-ms="39757" status="PASS">
          <reporter-output>
          </reporter-output>
        </test-method> <!-- setUp -->
        <test-method signature="Card_RegisterMobilePay()[pri:0, instance:card.MobilePay@2b40ff9c]" started-at="2023-09-08T18:07:03 SGT" name="Card_RegisterMobilePay" finished-at="2023-09-08T18:07:08 SGT" duration-ms="4196" status="PASS">
          <reporter-output>
          </reporter-output>
        </test-method> <!-- Card_RegisterMobilePay -->
        <test-method signature="Card_SearchMobilePay()[pri:1, instance:card.MobilePay@2b40ff9c]" started-at="2023-09-08T18:07:08 SGT" name="Card_SearchMobilePay" finished-at="2023-09-08T18:07:13 SGT" duration-ms="5022" status="PASS">
          <reporter-output>
          </reporter-output>
        </test-method> <!-- Card_SearchMobilePay -->
        <test-method signature="Card_CancelMobilePay()[pri:2, instance:card.MobilePay@2b40ff9c]" started-at="2023-09-08T18:07:13 SGT" name="Card_CancelMobilePay" finished-at="2023-09-08T18:07:14 SGT" duration-ms="1418" status="PASS">
          <reporter-output>
          </reporter-output>
        </test-method> <!-- Card_CancelMobilePay -->
        <test-method is-config="true" signature="quit()[pri:0, instance:card.MobilePay@2b40ff9c]" started-at="2023-09-08T18:07:14 SGT" name="quit" finished-at="2023-09-08T18:07:14 SGT" duration-ms="307" status="PASS">
          <reporter-output>
          </reporter-output>
        </test-method> <!-- quit -->
      </class> <!-- card.MobilePay -->
    </test> <!-- card.MobilePay -->
    <test started-at="2023-09-08T18:07:14 SGT" name="card.OneOff" finished-at="2023-09-08T18:07:44 SGT" duration-ms="30038">
      <class name="card.OneOff">
        <test-method is-config="true" signature="setUp()[pri:0, instance:card.OneOff@7188af83]" started-at="2023-09-08T18:07:14 SGT" name="setUp" finished-at="2023-09-08T18:07:42 SGT" duration-ms="27351" status="PASS">
          <reporter-output>
          </reporter-output>
        </test-method> <!-- setUp -->
        <test-method signature="Card_GenerateOffCard()[pri:1, instance:card.OneOff@7188af83]" started-at="2023-09-08T18:07:42 SGT" name="Card_GenerateOffCard" finished-at="2023-09-08T18:07:44 SGT" duration-ms="2004" status="PASS">
          <reporter-output>
          </reporter-output>
        </test-method> <!-- Card_GenerateOffCard -->
        <test-method signature="Card_SearchCard()[pri:1, instance:card.OneOff@7188af83]" started-at="2023-09-08T18:07:44 SGT" name="Card_SearchCard" finished-at="2023-09-08T18:07:44 SGT" duration-ms="77" status="PASS">
          <reporter-output>
          </reporter-output>
        </test-method> <!-- Card_SearchCard -->
        <test-method signature="Card_CancelOneOff()[pri:2, instance:card.OneOff@7188af83]" started-at="2023-09-08T18:07:44 SGT" name="Card_CancelOneOff" finished-at="2023-09-08T18:07:44 SGT" duration-ms="342" status="PASS">
          <reporter-output>
          </reporter-output>
        </test-method> <!-- Card_CancelOneOff -->
        <test-method is-config="true" signature="quit()[pri:0, instance:card.OneOff@7188af83]" started-at="2023-09-08T18:07:44 SGT" name="quit" finished-at="2023-09-08T18:07:44 SGT" duration-ms="259" status="PASS">
          <reporter-output>
          </reporter-output>
        </test-method> <!-- quit -->
      </class> <!-- card.OneOff -->
    </test> <!-- card.OneOff -->
    <test started-at="2023-09-08T18:07:44 SGT" name="card.Product" finished-at="2023-09-08T18:08:24 SGT" duration-ms="39587">
      <class name="card.Product">
        <test-method is-config="true" signature="setUp()[pri:0, instance:card.Product@359df09a]" started-at="2023-09-08T18:07:44 SGT" name="setUp" finished-at="2023-09-08T18:08:12 SGT" duration-ms="27344" status="PASS">
          <reporter-output>
          </reporter-output>
        </test-method> <!-- setUp -->
        <test-method signature="Card_CreateCurrentProduct()[pri:0, instance:card.Product@359df09a]" started-at="2023-09-08T18:08:12 SGT" name="Card_CreateCurrentProduct" finished-at="2023-09-08T18:08:16 SGT" duration-ms="3776" status="PASS">
          <reporter-output>
          </reporter-output>
        </test-method> <!-- Card_CreateCurrentProduct -->
        <test-method signature="Card_EditCurrentProduct()[pri:1, instance:card.Product@359df09a]" started-at="2023-09-08T18:08:16 SGT" name="Card_EditCurrentProduct" finished-at="2023-09-08T18:08:16 SGT" duration-ms="807" status="PASS">
          <reporter-output>
          </reporter-output>
        </test-method> <!-- Card_EditCurrentProduct -->
        <test-method signature="Card_CreateFutureProduct()[pri:2, instance:card.Product@359df09a]" started-at="2023-09-08T18:08:16 SGT" name="Card_CreateFutureProduct" finished-at="2023-09-08T18:08:20 SGT" duration-ms="3577" status="PASS">
          <reporter-output>
          </reporter-output>
        </test-method> <!-- Card_CreateFutureProduct -->
        <test-method signature="Card_EditFutureProduct()[pri:3, instance:card.Product@359df09a]" started-at="2023-09-08T18:08:20 SGT" name="Card_EditFutureProduct" finished-at="2023-09-08T18:08:23 SGT" duration-ms="2643" status="PASS">
          <reporter-output>
          </reporter-output>
        </test-method> <!-- Card_EditFutureProduct -->
        <test-method signature="Card_DeleteProduct()[pri:5, instance:card.Product@359df09a]" started-at="2023-09-08T18:08:23 SGT" name="Card_DeleteProduct" finished-at="2023-09-08T18:08:24 SGT" duration-ms="1172" status="PASS">
          <reporter-output>
          </reporter-output>
        </test-method> <!-- Card_DeleteProduct -->
        <test-method is-config="true" signature="quit()[pri:0, instance:card.Product@359df09a]" started-at="2023-09-08T18:08:24 SGT" name="quit" finished-at="2023-09-08T18:08:24 SGT" duration-ms="263" status="PASS">
          <reporter-output>
          </reporter-output>
        </test-method> <!-- quit -->
      </class> <!-- card.Product -->
    </test> <!-- card.Product -->
    <test started-at="2023-09-08T18:08:24 SGT" name="card.Velocity" finished-at="2023-09-08T18:09:07 SGT" duration-ms="43226">
      <class name="card.Velocity">
        <test-method is-config="true" signature="setUp()[pri:0, instance:card.Velocity@305ffe9e]" started-at="2023-09-08T18:08:24 SGT" name="setUp" finished-at="2023-09-08T18:09:01 SGT" duration-ms="37017" status="PASS">
          <reporter-output>
          </reporter-output>
        </test-method> <!-- setUp -->
        <test-method signature="Card_CreateVelocity()[pri:0, instance:card.Velocity@305ffe9e]" started-at="2023-09-08T18:09:01 SGT" name="Card_CreateVelocity" finished-at="2023-09-08T18:09:06 SGT" duration-ms="4782" status="PASS">
          <reporter-output>
          </reporter-output>
        </test-method> <!-- Card_CreateVelocity -->
        <test-method signature="Card_DeleteVelocity()[pri:1, instance:card.Velocity@305ffe9e]" started-at="2023-09-08T18:09:06 SGT" name="Card_DeleteVelocity" finished-at="2023-09-08T18:09:07 SGT" duration-ms="1132" status="PASS">
          <reporter-output>
          </reporter-output>
        </test-method> <!-- Card_DeleteVelocity -->
        <test-method is-config="true" signature="quit()[pri:0, instance:card.Velocity@305ffe9e]" started-at="2023-09-08T18:09:07 SGT" name="quit" finished-at="2023-09-08T18:09:07 SGT" duration-ms="293" status="PASS">
          <reporter-output>
          </reporter-output>
        </test-method> <!-- quit -->
      </class> <!-- card.Velocity -->
    </test> <!-- card.Velocity -->
    <test started-at="2023-09-08T18:09:07 SGT" name="cardbundle.Cardbundle" finished-at="2023-09-08T18:09:36 SGT" duration-ms="29069">
      <class name="cardbundle.Cardbundle">
        <test-method is-config="true" signature="setUp()[pri:0, instance:cardbundle.Cardbundle@548a24a]" started-at="2023-09-08T18:09:07 SGT" name="setUp" finished-at="2023-09-08T18:09:34 SGT" duration-ms="27224" status="PASS">
          <reporter-output>
          </reporter-output>
        </test-method> <!-- setUp -->
        <test-method signature="CardBundle_EditCardBundle()[pri:0, instance:cardbundle.Cardbundle@548a24a]" started-at="2023-09-08T18:09:34 SGT" name="CardBundle_EditCardBundle" finished-at="2023-09-08T18:09:36 SGT" duration-ms="1551" status="PASS">
          <reporter-output>
          </reporter-output>
        </test-method> <!-- CardBundle_EditCardBundle -->
        <test-method is-config="true" signature="quit()[pri:0, instance:cardbundle.Cardbundle@548a24a]" started-at="2023-09-08T18:09:36 SGT" name="quit" finished-at="2023-09-08T18:09:36 SGT" duration-ms="293" status="PASS">
          <reporter-output>
          </reporter-output>
        </test-method> <!-- quit -->
      </class> <!-- cardbundle.Cardbundle -->
    </test> <!-- cardbundle.Cardbundle -->
    <test started-at="2023-09-08T18:09:36 SGT" name="cardbundle.DayTime" finished-at="2023-09-08T18:10:21 SGT" duration-ms="44697">
      <class name="cardbundle.DayTime">
        <test-method is-config="true" signature="setUp()[pri:0, instance:cardbundle.DayTime@4a8355dd]" started-at="2023-09-08T18:09:36 SGT" name="setUp" finished-at="2023-09-08T18:10:09 SGT" duration-ms="33054" status="PASS">
          <reporter-output>
          </reporter-output>
        </test-method> <!-- setUp -->
        <test-method signature="CardBundle_CreateDayTimeCurrent()[pri:0, instance:cardbundle.DayTime@4a8355dd]" started-at="2023-09-08T18:10:09 SGT" name="CardBundle_CreateDayTimeCurrent" finished-at="2023-09-08T18:10:11 SGT" duration-ms="2043" status="PASS">
          <reporter-output>
          </reporter-output>
        </test-method> <!-- CardBundle_CreateDayTimeCurrent -->
        <test-method signature="CardBundle_CreateDayTimeFuture()[pri:1, instance:cardbundle.DayTime@4a8355dd]" started-at="2023-09-08T18:10:11 SGT" name="CardBundle_CreateDayTimeFuture" finished-at="2023-09-08T18:10:15 SGT" duration-ms="3390" status="PASS">
          <reporter-output>
          </reporter-output>
        </test-method> <!-- CardBundle_CreateDayTimeFuture -->
        <test-method signature="CardBundle_EditDayTimeCurrent()[pri:2, instance:cardbundle.DayTime@4a8355dd]" started-at="2023-09-08T18:10:15 SGT" name="CardBundle_EditDayTimeCurrent" finished-at="2023-09-08T18:10:15 SGT" duration-ms="681" status="PASS">
          <reporter-output>
          </reporter-output>
        </test-method> <!-- CardBundle_EditDayTimeCurrent -->
        <test-method signature="CardBundle_EditDayTimeFuture()[pri:3, instance:cardbundle.DayTime@4a8355dd]" started-at="2023-09-08T18:10:15 SGT" name="CardBundle_EditDayTimeFuture" finished-at="2023-09-08T18:10:18 SGT" duration-ms="2704" status="PASS">
          <reporter-output>
          </reporter-output>
        </test-method> <!-- CardBundle_EditDayTimeFuture -->
        <test-method signature="CardBundle_CancelDayTimeCurrent()[pri:4, instance:cardbundle.DayTime@4a8355dd]" started-at="2023-09-08T18:10:18 SGT" name="CardBundle_CancelDayTimeCurrent" finished-at="2023-09-08T18:10:18 SGT" duration-ms="116" status="PASS">
          <reporter-output>
          </reporter-output>
        </test-method> <!-- CardBundle_CancelDayTimeCurrent -->
        <test-method signature="CardBundle_CancelDayTimeFuture()[pri:5, instance:cardbundle.DayTime@4a8355dd]" started-at="2023-09-08T18:10:18 SGT" name="CardBundle_CancelDayTimeFuture" finished-at="2023-09-08T18:10:19 SGT" duration-ms="625" status="PASS">
          <reporter-output>
          </reporter-output>
        </test-method> <!-- CardBundle_CancelDayTimeFuture -->
        <test-method signature="CardBundle_DeleteDayTime()[pri:6, instance:cardbundle.DayTime@4a8355dd]" started-at="2023-09-08T18:10:19 SGT" name="CardBundle_DeleteDayTime" finished-at="2023-09-08T18:10:21 SGT" duration-ms="1775" status="PASS">
          <reporter-output>
          </reporter-output>
        </test-method> <!-- CardBundle_DeleteDayTime -->
        <test-method is-config="true" signature="quit()[pri:0, instance:cardbundle.DayTime@4a8355dd]" started-at="2023-09-08T18:10:21 SGT" name="quit" finished-at="2023-09-08T18:10:21 SGT" duration-ms="298" status="PASS">
          <reporter-output>
          </reporter-output>
        </test-method> <!-- quit -->
      </class> <!-- cardbundle.DayTime -->
    </test> <!-- cardbundle.DayTime -->
    <test started-at="2023-09-08T18:10:21 SGT" name="cardbundle.Location" finished-at="2023-09-08T18:11:15 SGT" duration-ms="54016">
      <class name="cardbundle.Location">
        <test-method is-config="true" signature="setUp()[pri:0, instance:cardbundle.Location@6b695b06]" started-at="2023-09-08T18:10:21 SGT" name="setUp" finished-at="2023-09-08T18:10:57 SGT" duration-ms="35515" status="PASS">
          <reporter-output>
          </reporter-output>
        </test-method> <!-- setUp -->
        <test-method signature="CardBundle_CreateCurrentLocation()[pri:0, instance:cardbundle.Location@6b695b06]" started-at="2023-09-08T18:10:57 SGT" name="CardBundle_CreateCurrentLocation" finished-at="2023-09-08T18:11:06 SGT" duration-ms="9303" status="PASS">
          <reporter-output>
          </reporter-output>
        </test-method> <!-- CardBundle_CreateCurrentLocation -->
        <test-method signature="CardBundle_EditCurrentLocation()[pri:1, instance:cardbundle.Location@6b695b06]" started-at="2023-09-08T18:11:06 SGT" name="CardBundle_EditCurrentLocation" finished-at="2023-09-08T18:11:07 SGT" duration-ms="852" status="PASS">
          <reporter-output>
          </reporter-output>
        </test-method> <!-- CardBundle_EditCurrentLocation -->
        <test-method signature="CardBundle_CreateFutureLocation()[pri:2, instance:cardbundle.Location@6b695b06]" started-at="2023-09-08T18:11:07 SGT" name="CardBundle_CreateFutureLocation" finished-at="2023-09-08T18:11:10 SGT" duration-ms="3705" status="PASS">
          <reporter-output>
          </reporter-output>
        </test-method> <!-- CardBundle_CreateFutureLocation -->
        <test-method signature="CardBundle_EditFutureLocation()[pri:3, instance:cardbundle.Location@6b695b06]" started-at="2023-09-08T18:11:10 SGT" name="CardBundle_EditFutureLocation" finished-at="2023-09-08T18:11:13 SGT" duration-ms="2859" status="PASS">
          <reporter-output>
          </reporter-output>
        </test-method> <!-- CardBundle_EditFutureLocation -->
        <test-method signature="CardBundle_CancelCurrentLocation()[pri:4, instance:cardbundle.Location@6b695b06]" started-at="2023-09-08T18:11:13 SGT" name="CardBundle_CancelCurrentLocation" finished-at="2023-09-08T18:11:13 SGT" duration-ms="137" status="PASS">
          <reporter-output>
          </reporter-output>
        </test-method> <!-- CardBundle_CancelCurrentLocation -->
        <test-method signature="CardBundle_CancelFutureLocation()[pri:5, instance:cardbundle.Location@6b695b06]" started-at="2023-09-08T18:11:13 SGT" name="CardBundle_CancelFutureLocation" finished-at="2023-09-08T18:11:14 SGT" duration-ms="131" status="PASS">
          <reporter-output>
          </reporter-output>
        </test-method> <!-- CardBundle_CancelFutureLocation -->
        <test-method signature="CardBundle_DeleteCurrentLocation()[pri:6, instance:cardbundle.Location@6b695b06]" started-at="2023-09-08T18:11:14 SGT" name="CardBundle_DeleteCurrentLocation" finished-at="2023-09-08T18:11:14 SGT" duration-ms="597" status="PASS">
          <reporter-output>
          </reporter-output>
        </test-method> <!-- CardBundle_DeleteCurrentLocation -->
        <test-method signature="CardBundle_DeleteFutureLocation()[pri:7, instance:cardbundle.Location@6b695b06]" started-at="2023-09-08T18:11:14 SGT" name="CardBundle_DeleteFutureLocation" finished-at="2023-09-08T18:11:15 SGT" duration-ms="604" status="PASS">
          <reporter-output>
          </reporter-output>
        </test-method> <!-- CardBundle_DeleteFutureLocation -->
        <test-method is-config="true" signature="quit()[pri:0, instance:cardbundle.Location@6b695b06]" started-at="2023-09-08T18:11:15 SGT" name="quit" finished-at="2023-09-08T18:11:15 SGT" duration-ms="308" status="PASS">
          <reporter-output>
          </reporter-output>
        </test-method> <!-- quit -->
      </class> <!-- cardbundle.Location -->
    </test> <!-- cardbundle.Location -->
    <test started-at="2023-09-08T18:11:15 SGT" name="cardbundle.Product" finished-at="2023-09-08T18:12:09 SGT" duration-ms="53575">
      <class name="cardbundle.Product">
        <test-method is-config="true" signature="setUp()[pri:0, instance:cardbundle.Product@6cb107fd]" started-at="2023-09-08T18:11:15 SGT" name="setUp" finished-at="2023-09-08T18:11:57 SGT" duration-ms="42230" status="PASS">
          <reporter-output>
          </reporter-output>
        </test-method> <!-- setUp -->
        <test-method signature="CardBundle_CreateCurrentProduct()[pri:0, instance:cardbundle.Product@6cb107fd]" started-at="2023-09-08T18:11:57 SGT" name="CardBundle_CreateCurrentProduct" finished-at="2023-09-08T18:12:01 SGT" duration-ms="3564" status="PASS">
          <reporter-output>
          </reporter-output>
        </test-method> <!-- CardBundle_CreateCurrentProduct -->
        <test-method signature="CardBundle_CreateFutureProduct()[pri:1, instance:cardbundle.Product@6cb107fd]" started-at="2023-09-08T18:12:01 SGT" name="CardBundle_CreateFutureProduct" finished-at="2023-09-08T18:12:04 SGT" duration-ms="3493" status="PASS">
          <reporter-output>
          </reporter-output>
        </test-method> <!-- CardBundle_CreateFutureProduct -->
        <test-method signature="CardBundle_EditCurrentProduct()[pri:2, instance:cardbundle.Product@6cb107fd]" started-at="2023-09-08T18:12:04 SGT" name="CardBundle_EditCurrentProduct" finished-at="2023-09-08T18:12:06 SGT" duration-ms="1830" status="PASS">
          <reporter-output>
          </reporter-output>
        </test-method> <!-- CardBundle_EditCurrentProduct -->
        <test-method signature="CardBundle_EditFutureProduct()[pri:3, instance:cardbundle.Product@6cb107fd]" started-at="2023-09-08T18:12:06 SGT" name="CardBundle_EditFutureProduct" finished-at="2023-09-08T18:12:07 SGT" duration-ms="763" status="PASS">
          <reporter-output>
          </reporter-output>
        </test-method> <!-- CardBundle_EditFutureProduct -->
        <test-method signature="CardBundle_CancelCurrentProduct()[pri:4, instance:cardbundle.Product@6cb107fd]" started-at="2023-09-08T18:12:07 SGT" name="CardBundle_CancelCurrentProduct" finished-at="2023-09-08T18:12:07 SGT" duration-ms="113" status="PASS">
          <reporter-output>
          </reporter-output>
        </test-method> <!-- CardBundle_CancelCurrentProduct -->
        <test-method signature="CardBundle_CancelFutureProduct()[pri:5, instance:cardbundle.Product@6cb107fd]" started-at="2023-09-08T18:12:07 SGT" name="CardBundle_CancelFutureProduct" finished-at="2023-09-08T18:12:07 SGT" duration-ms="108" status="PASS">
          <reporter-output>
          </reporter-output>
        </test-method> <!-- CardBundle_CancelFutureProduct -->
        <test-method signature="CardBundle_DeleteProduct()[pri:6, instance:cardbundle.Product@6cb107fd]" started-at="2023-09-08T18:12:07 SGT" name="CardBundle_DeleteProduct" finished-at="2023-09-08T18:12:08 SGT" duration-ms="1162" status="PASS">
          <reporter-output>
          </reporter-output>
        </test-method> <!-- CardBundle_DeleteProduct -->
        <test-method is-config="true" signature="quit()[pri:0, instance:cardbundle.Product@6cb107fd]" started-at="2023-09-08T18:12:08 SGT" name="quit" finished-at="2023-09-08T18:12:09 SGT" duration-ms="307" status="PASS">
          <reporter-output>
          </reporter-output>
        </test-method> <!-- quit -->
      </class> <!-- cardbundle.Product -->
    </test> <!-- cardbundle.Product -->
    <test started-at="2023-09-08T18:12:09 SGT" name="cardbundle.Velocity" finished-at="2023-09-08T18:12:40 SGT" duration-ms="31880">
      <class name="cardbundle.Velocity">
        <test-method is-config="true" signature="setUp()[pri:0, instance:cardbundle.Velocity@7bd7d6d6]" started-at="2023-09-08T18:12:09 SGT" name="setUp" finished-at="2023-09-08T18:12:36 SGT" duration-ms="27284" status="PASS">
          <reporter-output>
          </reporter-output>
        </test-method> <!-- setUp -->
        <test-method signature="CardBundle_CreateVelocity()[pri:0, instance:cardbundle.Velocity@7bd7d6d6]" started-at="2023-09-08T18:12:36 SGT" name="CardBundle_CreateVelocity" finished-at="2023-09-08T18:12:40 SGT" duration-ms="4320" status="PASS">
          <reporter-output>
          </reporter-output>
        </test-method> <!-- CardBundle_CreateVelocity -->
        <test-method is-config="true" signature="quit()[pri:0, instance:cardbundle.Velocity@7bd7d6d6]" started-at="2023-09-08T18:12:40 SGT" name="quit" finished-at="2023-09-08T18:12:40 SGT" duration-ms="275" status="PASS">
          <reporter-output>
          </reporter-output>
        </test-method> <!-- quit -->
      </class> <!-- cardbundle.Velocity -->
    </test> <!-- cardbundle.Velocity -->
  </suite> <!-- Suite -->
</testng-results>
